2015-10-06T14:54:30+00:00 ERR (3): 
exception 'Mage_Core_Exception' with message 'Invalid block type: Mage_Megamenupro_Block_Megamenupro' in C:\xampp\htdocs\galayomarket\app\Mage.php:595
Stack trace:
#0 C:\xampp\htdocs\galayomarket\app\code\core\Mage\Core\Model\Layout.php(495): Mage::throwException('Invalid block t...')
#1 C:\xampp\htdocs\galayomarket\app\code\core\Mage\Core\Model\Layout.php(437): Mage_Core_Model_Layout->_getBlockInstance('megamenupro/meg...', Array)
#2 C:\xampp\htdocs\galayomarket\app\code\core\Mage\Core\Model\Layout.php(472): Mage_Core_Model_Layout->createBlock('megamenupro/meg...', 'f85079af84623e2...')
#3 C:\xampp\htdocs\galayomarket\app\code\core\Mage\Core\Model\Layout.php(239): Mage_Core_Model_Layout->addBlock('megamenupro/meg...', 'f85079af84623e2...')
#4 C:\xampp\htdocs\galayomarket\app\code\core\Mage\Core\Model\Layout.php(205): Mage_Core_Model_Layout->_generateBlock(Object(Mage_Core_Model_Layout_Element), Object(Mage_Core_Model_Layout_Element))
#5 C:\xampp\htdocs\galayomarket\app\code\core\Mage\Core\Model\Layout.php(210): Mage_Core_Model_Layout->generateBlocks(Object(Mage_Core_Model_Layout_Element))
#6 C:\xampp\htdocs\galayomarket\app\code\core\Mage\Core\Controller\Varien\Action.php(344): Mage_Core_Model_Layout->generateBlocks()
#7 C:\xampp\htdocs\galayomarket\app\code\core\Mage\Cms\Helper\Page.php(113): Mage_Core_Controller_Varien_Action->generateLayoutBlocks()
#8 C:\xampp\htdocs\galayomarket\app\code\core\Mage\Cms\Helper\Page.php(52): Mage_Cms_Helper_Page->_renderPage(Object(Mage_Cms_IndexController), 'galayomarket_ho...')
#9 C:\xampp\htdocs\galayomarket\app\code\core\Mage\Cms\controllers\IndexController.php(45): Mage_Cms_Helper_Page->renderPage(Object(Mage_Cms_IndexController), 'galayomarket_ho...')
#10 C:\xampp\htdocs\galayomarket\app\code\core\Mage\Core\Controller\Varien\Action.php(418): Mage_Cms_IndexController->indexAction()
#11 C:\xampp\htdocs\galayomarket\app\code\core\Mage\Core\Controller\Varien\Router\Standard.php(250): Mage_Core_Controller_Varien_Action->dispatch('index')
#12 C:\xampp\htdocs\galayomarket\app\code\core\Mage\Core\Controller\Varien\Front.php(172): Mage_Core_Controller_Varien_Router_Standard->match(Object(Mage_Core_Controller_Request_Http))
#13 C:\xampp\htdocs\galayomarket\app\code\core\Mage\Core\Model\App.php(354): Mage_Core_Controller_Varien_Front->dispatch()
#14 C:\xampp\htdocs\galayomarket\app\Mage.php(684): Mage_Core_Model_App->run(Array)
#15 C:\xampp\htdocs\galayomarket\index.php(87): Mage::run('', 'store')
#16 {main}
2015-10-06T14:54:43+00:00 ERR (3): 
exception 'Mage_Core_Exception' with message 'Invalid block type: Mage_Megamenupro_Block_Megamenupro' in C:\xampp\htdocs\galayomarket\app\Mage.php:595
Stack trace:
#0 C:\xampp\htdocs\galayomarket\app\code\core\Mage\Core\Model\Layout.php(495): Mage::throwException('Invalid block t...')
#1 C:\xampp\htdocs\galayomarket\app\code\core\Mage\Core\Model\Layout.php(437): Mage_Core_Model_Layout->_getBlockInstance('megamenupro/meg...', Array)
#2 C:\xampp\htdocs\galayomarket\app\code\core\Mage\Core\Model\Layout.php(472): Mage_Core_Model_Layout->createBlock('megamenupro/meg...', 'f85079af84623e2...')
#3 C:\xampp\htdocs\galayomarket\app\code\core\Mage\Core\Model\Layout.php(239): Mage_Core_Model_Layout->addBlock('megamenupro/meg...', 'f85079af84623e2...')
#4 C:\xampp\htdocs\galayomarket\app\code\core\Mage\Core\Model\Layout.php(205): Mage_Core_Model_Layout->_generateBlock(Object(Mage_Core_Model_Layout_Element), Object(Mage_Core_Model_Layout_Element))
#5 C:\xampp\htdocs\galayomarket\app\code\core\Mage\Core\Model\Layout.php(210): Mage_Core_Model_Layout->generateBlocks(Object(Mage_Core_Model_Layout_Element))
#6 C:\xampp\htdocs\galayomarket\app\code\core\Mage\Core\Controller\Varien\Action.php(344): Mage_Core_Model_Layout->generateBlocks()
#7 C:\xampp\htdocs\galayomarket\app\code\core\Mage\Catalog\controllers\CategoryController.php(148): Mage_Core_Controller_Varien_Action->generateLayoutBlocks()
#8 C:\xampp\htdocs\galayomarket\app\code\core\Mage\Core\Controller\Varien\Action.php(418): Mage_Catalog_CategoryController->viewAction()
#9 C:\xampp\htdocs\galayomarket\app\code\core\Mage\Core\Controller\Varien\Router\Standard.php(250): Mage_Core_Controller_Varien_Action->dispatch('view')
#10 C:\xampp\htdocs\galayomarket\app\code\core\Mage\Core\Controller\Varien\Front.php(172): Mage_Core_Controller_Varien_Router_Standard->match(Object(Mage_Core_Controller_Request_Http))
#11 C:\xampp\htdocs\galayomarket\app\code\core\Mage\Core\Model\App.php(354): Mage_Core_Controller_Varien_Front->dispatch()
#12 C:\xampp\htdocs\galayomarket\app\Mage.php(684): Mage_Core_Model_App->run(Array)
#13 C:\xampp\htdocs\galayomarket\index.php(87): Mage::run('', 'store')
#14 {main}
2015-10-06T14:55:12+00:00 ERR (3): 
exception 'Mage_Core_Exception' with message 'Invalid block type: Mage_Megamenupro_Block_Megamenupro' in C:\xampp\htdocs\galayomarket\app\Mage.php:595
Stack trace:
#0 C:\xampp\htdocs\galayomarket\app\code\core\Mage\Core\Model\Layout.php(495): Mage::throwException('Invalid block t...')
#1 C:\xampp\htdocs\galayomarket\app\code\core\Mage\Core\Model\Layout.php(437): Mage_Core_Model_Layout->_getBlockInstance('megamenupro/meg...', Array)
#2 C:\xampp\htdocs\galayomarket\app\code\core\Mage\Core\Model\Layout.php(472): Mage_Core_Model_Layout->createBlock('megamenupro/meg...', 'f85079af84623e2...')
#3 C:\xampp\htdocs\galayomarket\app\code\core\Mage\Core\Model\Layout.php(239): Mage_Core_Model_Layout->addBlock('megamenupro/meg...', 'f85079af84623e2...')
#4 C:\xampp\htdocs\galayomarket\app\code\core\Mage\Core\Model\Layout.php(205): Mage_Core_Model_Layout->_generateBlock(Object(Mage_Core_Model_Layout_Element), Object(Mage_Core_Model_Layout_Element))
#5 C:\xampp\htdocs\galayomarket\app\code\core\Mage\Core\Model\Layout.php(210): Mage_Core_Model_Layout->generateBlocks(Object(Mage_Core_Model_Layout_Element))
#6 C:\xampp\htdocs\galayomarket\app\code\core\Mage\Core\Controller\Varien\Action.php(344): Mage_Core_Model_Layout->generateBlocks()
#7 C:\xampp\htdocs\galayomarket\app\code\core\Mage\Catalog\controllers\CategoryController.php(148): Mage_Core_Controller_Varien_Action->generateLayoutBlocks()
#8 C:\xampp\htdocs\galayomarket\app\code\core\Mage\Core\Controller\Varien\Action.php(418): Mage_Catalog_CategoryController->viewAction()
#9 C:\xampp\htdocs\galayomarket\app\code\core\Mage\Core\Controller\Varien\Router\Standard.php(250): Mage_Core_Controller_Varien_Action->dispatch('view')
#10 C:\xampp\htdocs\galayomarket\app\code\core\Mage\Core\Controller\Varien\Front.php(172): Mage_Core_Controller_Varien_Router_Standard->match(Object(Mage_Core_Controller_Request_Http))
#11 C:\xampp\htdocs\galayomarket\app\code\core\Mage\Core\Model\App.php(354): Mage_Core_Controller_Varien_Front->dispatch()
#12 C:\xampp\htdocs\galayomarket\app\Mage.php(684): Mage_Core_Model_App->run(Array)
#13 C:\xampp\htdocs\galayomarket\index.php(87): Mage::run('', 'store')
#14 {main}
2015-10-06T14:55:16+00:00 ERR (3): 
exception 'Mage_Core_Exception' with message 'Invalid block type: Mage_Megamenupro_Block_Megamenupro' in C:\xampp\htdocs\galayomarket\app\Mage.php:595
Stack trace:
#0 C:\xampp\htdocs\galayomarket\app\code\core\Mage\Core\Model\Layout.php(495): Mage::throwException('Invalid block t...')
#1 C:\xampp\htdocs\galayomarket\app\code\core\Mage\Core\Model\Layout.php(437): Mage_Core_Model_Layout->_getBlockInstance('megamenupro/meg...', Array)
#2 C:\xampp\htdocs\galayomarket\app\code\core\Mage\Core\Model\Layout.php(472): Mage_Core_Model_Layout->createBlock('megamenupro/meg...', 'f85079af84623e2...')
#3 C:\xampp\htdocs\galayomarket\app\code\core\Mage\Core\Model\Layout.php(239): Mage_Core_Model_Layout->addBlock('megamenupro/meg...', 'f85079af84623e2...')
#4 C:\xampp\htdocs\galayomarket\app\code\core\Mage\Core\Model\Layout.php(205): Mage_Core_Model_Layout->_generateBlock(Object(Mage_Core_Model_Layout_Element), Object(Mage_Core_Model_Layout_Element))
#5 C:\xampp\htdocs\galayomarket\app\code\core\Mage\Core\Model\Layout.php(210): Mage_Core_Model_Layout->generateBlocks(Object(Mage_Core_Model_Layout_Element))
#6 C:\xampp\htdocs\galayomarket\app\code\core\Mage\Core\Controller\Varien\Action.php(344): Mage_Core_Model_Layout->generateBlocks()
#7 C:\xampp\htdocs\galayomarket\app\code\core\Mage\Catalog\controllers\CategoryController.php(148): Mage_Core_Controller_Varien_Action->generateLayoutBlocks()
#8 C:\xampp\htdocs\galayomarket\app\code\core\Mage\Core\Controller\Varien\Action.php(418): Mage_Catalog_CategoryController->viewAction()
#9 C:\xampp\htdocs\galayomarket\app\code\core\Mage\Core\Controller\Varien\Router\Standard.php(250): Mage_Core_Controller_Varien_Action->dispatch('view')
#10 C:\xampp\htdocs\galayomarket\app\code\core\Mage\Core\Controller\Varien\Front.php(172): Mage_Core_Controller_Varien_Router_Standard->match(Object(Mage_Core_Controller_Request_Http))
#11 C:\xampp\htdocs\galayomarket\app\code\core\Mage\Core\Model\App.php(354): Mage_Core_Controller_Varien_Front->dispatch()
#12 C:\xampp\htdocs\galayomarket\app\Mage.php(684): Mage_Core_Model_App->run(Array)
#13 C:\xampp\htdocs\galayomarket\index.php(87): Mage::run('', 'store')
#14 {main}
2015-10-06T14:55:30+00:00 ERR (3): 
exception 'Mage_Core_Exception' with message 'Invalid block type: Mage_Megamenupro_Block_Megamenupro' in C:\xampp\htdocs\galayomarket\app\Mage.php:595
Stack trace:
#0 C:\xampp\htdocs\galayomarket\app\code\core\Mage\Core\Model\Layout.php(495): Mage::throwException('Invalid block t...')
#1 C:\xampp\htdocs\galayomarket\app\code\core\Mage\Core\Model\Layout.php(437): Mage_Core_Model_Layout->_getBlockInstance('megamenupro/meg...', Array)
#2 C:\xampp\htdocs\galayomarket\app\code\core\Mage\Core\Model\Layout.php(472): Mage_Core_Model_Layout->createBlock('megamenupro/meg...', 'f85079af84623e2...')
#3 C:\xampp\htdocs\galayomarket\app\code\core\Mage\Core\Model\Layout.php(239): Mage_Core_Model_Layout->addBlock('megamenupro/meg...', 'f85079af84623e2...')
#4 C:\xampp\htdocs\galayomarket\app\code\core\Mage\Core\Model\Layout.php(205): Mage_Core_Model_Layout->_generateBlock(Object(Mage_Core_Model_Layout_Element), Object(Mage_Core_Model_Layout_Element))
#5 C:\xampp\htdocs\galayomarket\app\code\core\Mage\Core\Model\Layout.php(210): Mage_Core_Model_Layout->generateBlocks(Object(Mage_Core_Model_Layout_Element))
#6 C:\xampp\htdocs\galayomarket\app\code\core\Mage\Core\Controller\Varien\Action.php(344): Mage_Core_Model_Layout->generateBlocks()
#7 C:\xampp\htdocs\galayomarket\app\code\core\Mage\Catalog\controllers\CategoryController.php(148): Mage_Core_Controller_Varien_Action->generateLayoutBlocks()
#8 C:\xampp\htdocs\galayomarket\app\code\core\Mage\Core\Controller\Varien\Action.php(418): Mage_Catalog_CategoryController->viewAction()
#9 C:\xampp\htdocs\galayomarket\app\code\core\Mage\Core\Controller\Varien\Router\Standard.php(250): Mage_Core_Controller_Varien_Action->dispatch('view')
#10 C:\xampp\htdocs\galayomarket\app\code\core\Mage\Core\Controller\Varien\Front.php(172): Mage_Core_Controller_Varien_Router_Standard->match(Object(Mage_Core_Controller_Request_Http))
#11 C:\xampp\htdocs\galayomarket\app\code\core\Mage\Core\Model\App.php(354): Mage_Core_Controller_Varien_Front->dispatch()
#12 C:\xampp\htdocs\galayomarket\app\Mage.php(684): Mage_Core_Model_App->run(Array)
#13 C:\xampp\htdocs\galayomarket\index.php(87): Mage::run('', 'store')
#14 {main}
2015-10-06T14:55:44+00:00 ERR (3): 
exception 'Mage_Core_Exception' with message 'Invalid block type: Mage_Megamenupro_Block_Megamenupro' in C:\xampp\htdocs\galayomarket\app\Mage.php:595
Stack trace:
#0 C:\xampp\htdocs\galayomarket\app\code\core\Mage\Core\Model\Layout.php(495): Mage::throwException('Invalid block t...')
#1 C:\xampp\htdocs\galayomarket\app\code\core\Mage\Core\Model\Layout.php(437): Mage_Core_Model_Layout->_getBlockInstance('megamenupro/meg...', Array)
#2 C:\xampp\htdocs\galayomarket\app\code\core\Mage\Core\Model\Layout.php(472): Mage_Core_Model_Layout->createBlock('megamenupro/meg...', 'f85079af84623e2...')
#3 C:\xampp\htdocs\galayomarket\app\code\core\Mage\Core\Model\Layout.php(239): Mage_Core_Model_Layout->addBlock('megamenupro/meg...', 'f85079af84623e2...')
#4 C:\xampp\htdocs\galayomarket\app\code\core\Mage\Core\Model\Layout.php(205): Mage_Core_Model_Layout->_generateBlock(Object(Mage_Core_Model_Layout_Element), Object(Mage_Core_Model_Layout_Element))
#5 C:\xampp\htdocs\galayomarket\app\code\core\Mage\Core\Model\Layout.php(210): Mage_Core_Model_Layout->generateBlocks(Object(Mage_Core_Model_Layout_Element))
#6 C:\xampp\htdocs\galayomarket\app\code\core\Mage\Core\Controller\Varien\Action.php(344): Mage_Core_Model_Layout->generateBlocks()
#7 C:\xampp\htdocs\galayomarket\app\code\core\Mage\Cms\Helper\Page.php(113): Mage_Core_Controller_Varien_Action->generateLayoutBlocks()
#8 C:\xampp\htdocs\galayomarket\app\code\core\Mage\Cms\Helper\Page.php(52): Mage_Cms_Helper_Page->_renderPage(Object(Mage_Cms_IndexController), 'galayomarket_ho...')
#9 C:\xampp\htdocs\galayomarket\app\code\core\Mage\Cms\controllers\IndexController.php(45): Mage_Cms_Helper_Page->renderPage(Object(Mage_Cms_IndexController), 'galayomarket_ho...')
#10 C:\xampp\htdocs\galayomarket\app\code\core\Mage\Core\Controller\Varien\Action.php(418): Mage_Cms_IndexController->indexAction()
#11 C:\xampp\htdocs\galayomarket\app\code\core\Mage\Core\Controller\Varien\Router\Standard.php(250): Mage_Core_Controller_Varien_Action->dispatch('index')
#12 C:\xampp\htdocs\galayomarket\app\code\core\Mage\Core\Controller\Varien\Front.php(172): Mage_Core_Controller_Varien_Router_Standard->match(Object(Mage_Core_Controller_Request_Http))
#13 C:\xampp\htdocs\galayomarket\app\code\core\Mage\Core\Model\App.php(354): Mage_Core_Controller_Varien_Front->dispatch()
#14 C:\xampp\htdocs\galayomarket\app\Mage.php(684): Mage_Core_Model_App->run(Array)
#15 C:\xampp\htdocs\galayomarket\index.php(87): Mage::run('', 'store')
#16 {main}
2015-10-06T14:56:18+00:00 ERR (3): 
exception 'Mage_Core_Exception' with message 'Invalid block type: Mage_Megamenupro_Block_Megamenupro' in C:\xampp\htdocs\galayomarket\app\Mage.php:595
Stack trace:
#0 C:\xampp\htdocs\galayomarket\app\code\core\Mage\Core\Model\Layout.php(495): Mage::throwException('Invalid block t...')
#1 C:\xampp\htdocs\galayomarket\app\code\core\Mage\Core\Model\Layout.php(437): Mage_Core_Model_Layout->_getBlockInstance('megamenupro/meg...', Array)
#2 C:\xampp\htdocs\galayomarket\app\code\core\Mage\Core\Model\Layout.php(472): Mage_Core_Model_Layout->createBlock('megamenupro/meg...', 'f85079af84623e2...')
#3 C:\xampp\htdocs\galayomarket\app\code\core\Mage\Core\Model\Layout.php(239): Mage_Core_Model_Layout->addBlock('megamenupro/meg...', 'f85079af84623e2...')
#4 C:\xampp\htdocs\galayomarket\app\code\core\Mage\Core\Model\Layout.php(205): Mage_Core_Model_Layout->_generateBlock(Object(Mage_Core_Model_Layout_Element), Object(Mage_Core_Model_Layout_Element))
#5 C:\xampp\htdocs\galayomarket\app\code\core\Mage\Core\Model\Layout.php(210): Mage_Core_Model_Layout->generateBlocks(Object(Mage_Core_Model_Layout_Element))
#6 C:\xampp\htdocs\galayomarket\app\code\core\Mage\Core\Controller\Varien\Action.php(344): Mage_Core_Model_Layout->generateBlocks()
#7 C:\xampp\htdocs\galayomarket\app\code\core\Mage\Catalog\controllers\CategoryController.php(148): Mage_Core_Controller_Varien_Action->generateLayoutBlocks()
#8 C:\xampp\htdocs\galayomarket\app\code\core\Mage\Core\Controller\Varien\Action.php(418): Mage_Catalog_CategoryController->viewAction()
#9 C:\xampp\htdocs\galayomarket\app\code\core\Mage\Core\Controller\Varien\Router\Standard.php(250): Mage_Core_Controller_Varien_Action->dispatch('view')
#10 C:\xampp\htdocs\galayomarket\app\code\core\Mage\Core\Controller\Varien\Front.php(172): Mage_Core_Controller_Varien_Router_Standard->match(Object(Mage_Core_Controller_Request_Http))
#11 C:\xampp\htdocs\galayomarket\app\code\core\Mage\Core\Model\App.php(354): Mage_Core_Controller_Varien_Front->dispatch()
#12 C:\xampp\htdocs\galayomarket\app\Mage.php(684): Mage_Core_Model_App->run(Array)
#13 C:\xampp\htdocs\galayomarket\index.php(87): Mage::run('', 'store')
#14 {main}
2015-10-06T14:56:41+00:00 ERR (3): 
exception 'Mage_Core_Exception' with message 'Invalid block type: Mage_Megamenupro_Block_Megamenupro' in C:\xampp\htdocs\galayomarket\app\Mage.php:595
Stack trace:
#0 C:\xampp\htdocs\galayomarket\app\code\core\Mage\Core\Model\Layout.php(495): Mage::throwException('Invalid block t...')
#1 C:\xampp\htdocs\galayomarket\app\code\core\Mage\Core\Model\Layout.php(437): Mage_Core_Model_Layout->_getBlockInstance('megamenupro/meg...', Array)
#2 C:\xampp\htdocs\galayomarket\app\code\core\Mage\Core\Model\Layout.php(472): Mage_Core_Model_Layout->createBlock('megamenupro/meg...', 'f85079af84623e2...')
#3 C:\xampp\htdocs\galayomarket\app\code\core\Mage\Core\Model\Layout.php(239): Mage_Core_Model_Layout->addBlock('megamenupro/meg...', 'f85079af84623e2...')
#4 C:\xampp\htdocs\galayomarket\app\code\core\Mage\Core\Model\Layout.php(205): Mage_Core_Model_Layout->_generateBlock(Object(Mage_Core_Model_Layout_Element), Object(Mage_Core_Model_Layout_Element))
#5 C:\xampp\htdocs\galayomarket\app\code\core\Mage\Core\Model\Layout.php(210): Mage_Core_Model_Layout->generateBlocks(Object(Mage_Core_Model_Layout_Element))
#6 C:\xampp\htdocs\galayomarket\app\code\core\Mage\Core\Controller\Varien\Action.php(344): Mage_Core_Model_Layout->generateBlocks()
#7 C:\xampp\htdocs\galayomarket\app\code\core\Mage\Cms\Helper\Page.php(113): Mage_Core_Controller_Varien_Action->generateLayoutBlocks()
#8 C:\xampp\htdocs\galayomarket\app\code\core\Mage\Cms\Helper\Page.php(52): Mage_Cms_Helper_Page->_renderPage(Object(Mage_Cms_IndexController), 'galayomarket_ho...')
#9 C:\xampp\htdocs\galayomarket\app\code\core\Mage\Cms\controllers\IndexController.php(45): Mage_Cms_Helper_Page->renderPage(Object(Mage_Cms_IndexController), 'galayomarket_ho...')
#10 C:\xampp\htdocs\galayomarket\app\code\core\Mage\Core\Controller\Varien\Action.php(418): Mage_Cms_IndexController->indexAction()
#11 C:\xampp\htdocs\galayomarket\app\code\core\Mage\Core\Controller\Varien\Router\Standard.php(250): Mage_Core_Controller_Varien_Action->dispatch('index')
#12 C:\xampp\htdocs\galayomarket\app\code\core\Mage\Core\Controller\Varien\Front.php(172): Mage_Core_Controller_Varien_Router_Standard->match(Object(Mage_Core_Controller_Request_Http))
#13 C:\xampp\htdocs\galayomarket\app\code\core\Mage\Core\Model\App.php(354): Mage_Core_Controller_Varien_Front->dispatch()
#14 C:\xampp\htdocs\galayomarket\app\Mage.php(684): Mage_Core_Model_App->run(Array)
#15 C:\xampp\htdocs\galayomarket\index.php(87): Mage::run('', 'store')
#16 {main}
2015-10-06T14:57:12+00:00 ERR (3): 
exception 'Mage_Core_Exception' with message 'Invalid block type: Mage_Megamenupro_Block_Megamenupro' in C:\xampp\htdocs\galayomarket\app\Mage.php:595
Stack trace:
#0 C:\xampp\htdocs\galayomarket\app\code\core\Mage\Core\Model\Layout.php(495): Mage::throwException('Invalid block t...')
#1 C:\xampp\htdocs\galayomarket\app\code\core\Mage\Core\Model\Layout.php(437): Mage_Core_Model_Layout->_getBlockInstance('megamenupro/meg...', Array)
#2 C:\xampp\htdocs\galayomarket\app\code\core\Mage\Core\Model\Layout.php(472): Mage_Core_Model_Layout->createBlock('megamenupro/meg...', 'f85079af84623e2...')
#3 C:\xampp\htdocs\galayomarket\app\code\core\Mage\Core\Model\Layout.php(239): Mage_Core_Model_Layout->addBlock('megamenupro/meg...', 'f85079af84623e2...')
#4 C:\xampp\htdocs\galayomarket\app\code\core\Mage\Core\Model\Layout.php(205): Mage_Core_Model_Layout->_generateBlock(Object(Mage_Core_Model_Layout_Element), Object(Mage_Core_Model_Layout_Element))
#5 C:\xampp\htdocs\galayomarket\app\code\core\Mage\Core\Model\Layout.php(210): Mage_Core_Model_Layout->generateBlocks(Object(Mage_Core_Model_Layout_Element))
#6 C:\xampp\htdocs\galayomarket\app\code\core\Mage\Core\Controller\Varien\Action.php(344): Mage_Core_Model_Layout->generateBlocks()
#7 C:\xampp\htdocs\galayomarket\app\code\community\EM\Quickshop\Helper\Product\View.php(80): Mage_Core_Controller_Varien_Action->generateLayoutBlocks()
#8 C:\xampp\htdocs\galayomarket\app\code\community\EM\Quickshop\Helper\Product\View.php(151): EM_Quickshop_Helper_Product_View->initProductLayout(Object(Mage_Catalog_Model_Product), Object(EM_Quickshop_IndexController))
#9 C:\xampp\htdocs\galayomarket\app\code\community\EM\Quickshop\controllers\IndexController.php(119): EM_Quickshop_Helper_Product_View->prepareAndRender('180', Object(EM_Quickshop_IndexController), Object(Varien_Object))
#10 C:\xampp\htdocs\galayomarket\app\code\core\Mage\Core\Controller\Varien\Action.php(418): EM_Quickshop_IndexController->viewAction()
#11 C:\xampp\htdocs\galayomarket\app\code\core\Mage\Core\Controller\Varien\Router\Standard.php(250): Mage_Core_Controller_Varien_Action->dispatch('view')
#12 C:\xampp\htdocs\galayomarket\app\code\core\Mage\Core\Controller\Varien\Front.php(172): Mage_Core_Controller_Varien_Router_Standard->match(Object(Mage_Core_Controller_Request_Http))
#13 C:\xampp\htdocs\galayomarket\app\code\core\Mage\Core\Model\App.php(354): Mage_Core_Controller_Varien_Front->dispatch()
#14 C:\xampp\htdocs\galayomarket\app\Mage.php(684): Mage_Core_Model_App->run(Array)
#15 C:\xampp\htdocs\galayomarket\index.php(87): Mage::run('', 'store')
#16 {main}
2015-10-06T14:57:20+00:00 ERR (3): 
exception 'Mage_Core_Exception' with message 'Invalid block type: Mage_Megamenupro_Block_Megamenupro' in C:\xampp\htdocs\galayomarket\app\Mage.php:595
Stack trace:
#0 C:\xampp\htdocs\galayomarket\app\code\core\Mage\Core\Model\Layout.php(495): Mage::throwException('Invalid block t...')
#1 C:\xampp\htdocs\galayomarket\app\code\core\Mage\Core\Model\Layout.php(437): Mage_Core_Model_Layout->_getBlockInstance('megamenupro/meg...', Array)
#2 C:\xampp\htdocs\galayomarket\app\code\core\Mage\Core\Model\Layout.php(472): Mage_Core_Model_Layout->createBlock('megamenupro/meg...', 'f85079af84623e2...')
#3 C:\xampp\htdocs\galayomarket\app\code\core\Mage\Core\Model\Layout.php(239): Mage_Core_Model_Layout->addBlock('megamenupro/meg...', 'f85079af84623e2...')
#4 C:\xampp\htdocs\galayomarket\app\code\core\Mage\Core\Model\Layout.php(205): Mage_Core_Model_Layout->_generateBlock(Object(Mage_Core_Model_Layout_Element), Object(Mage_Core_Model_Layout_Element))
#5 C:\xampp\htdocs\galayomarket\app\code\core\Mage\Core\Model\Layout.php(210): Mage_Core_Model_Layout->generateBlocks(Object(Mage_Core_Model_Layout_Element))
#6 C:\xampp\htdocs\galayomarket\app\code\core\Mage\Core\Controller\Varien\Action.php(344): Mage_Core_Model_Layout->generateBlocks()
#7 C:\xampp\htdocs\galayomarket\app\code\core\Mage\Catalog\Helper\Product\View.php(73): Mage_Core_Controller_Varien_Action->generateLayoutBlocks()
#8 C:\xampp\htdocs\galayomarket\app\code\core\Mage\Catalog\Helper\Product\View.php(144): Mage_Catalog_Helper_Product_View->initProductLayout(Object(Mage_Catalog_Model_Product), Object(Mage_Catalog_ProductController))
#9 C:\xampp\htdocs\galayomarket\app\code\core\Mage\Catalog\controllers\ProductController.php(132): Mage_Catalog_Helper_Product_View->prepareAndRender(173, Object(Mage_Catalog_ProductController), Object(Varien_Object))
#10 C:\xampp\htdocs\galayomarket\app\code\core\Mage\Core\Controller\Varien\Action.php(418): Mage_Catalog_ProductController->viewAction()
#11 C:\xampp\htdocs\galayomarket\app\code\core\Mage\Core\Controller\Varien\Router\Standard.php(250): Mage_Core_Controller_Varien_Action->dispatch('view')
#12 C:\xampp\htdocs\galayomarket\app\code\core\Mage\Core\Controller\Varien\Front.php(172): Mage_Core_Controller_Varien_Router_Standard->match(Object(Mage_Core_Controller_Request_Http))
#13 C:\xampp\htdocs\galayomarket\app\code\core\Mage\Core\Model\App.php(354): Mage_Core_Controller_Varien_Front->dispatch()
#14 C:\xampp\htdocs\galayomarket\app\Mage.php(684): Mage_Core_Model_App->run(Array)
#15 C:\xampp\htdocs\galayomarket\index.php(87): Mage::run('', 'store')
#16 {main}
2015-10-06T14:57:21+00:00 ERR (3): 
exception 'Mage_Core_Exception' with message 'Invalid block type: Mage_Megamenupro_Block_Megamenupro' in C:\xampp\htdocs\galayomarket\app\Mage.php:595
Stack trace:
#0 C:\xampp\htdocs\galayomarket\app\code\core\Mage\Core\Model\Layout.php(495): Mage::throwException('Invalid block t...')
#1 C:\xampp\htdocs\galayomarket\app\code\core\Mage\Core\Model\Layout.php(437): Mage_Core_Model_Layout->_getBlockInstance('megamenupro/meg...', Array)
#2 C:\xampp\htdocs\galayomarket\app\code\core\Mage\Core\Model\Layout.php(472): Mage_Core_Model_Layout->createBlock('megamenupro/meg...', 'f85079af84623e2...')
#3 C:\xampp\htdocs\galayomarket\app\code\core\Mage\Core\Model\Layout.php(239): Mage_Core_Model_Layout->addBlock('megamenupro/meg...', 'f85079af84623e2...')
#4 C:\xampp\htdocs\galayomarket\app\code\core\Mage\Core\Model\Layout.php(205): Mage_Core_Model_Layout->_generateBlock(Object(Mage_Core_Model_Layout_Element), Object(Mage_Core_Model_Layout_Element))
#5 C:\xampp\htdocs\galayomarket\app\code\core\Mage\Core\Model\Layout.php(210): Mage_Core_Model_Layout->generateBlocks(Object(Mage_Core_Model_Layout_Element))
#6 C:\xampp\htdocs\galayomarket\app\code\core\Mage\Core\Controller\Varien\Action.php(344): Mage_Core_Model_Layout->generateBlocks()
#7 C:\xampp\htdocs\galayomarket\app\code\core\Mage\Catalog\Helper\Product\View.php(73): Mage_Core_Controller_Varien_Action->generateLayoutBlocks()
#8 C:\xampp\htdocs\galayomarket\app\code\core\Mage\Catalog\Helper\Product\View.php(144): Mage_Catalog_Helper_Product_View->initProductLayout(Object(Mage_Catalog_Model_Product), Object(Mage_Catalog_ProductController))
#9 C:\xampp\htdocs\galayomarket\app\code\core\Mage\Catalog\controllers\ProductController.php(132): Mage_Catalog_Helper_Product_View->prepareAndRender(173, Object(Mage_Catalog_ProductController), Object(Varien_Object))
#10 C:\xampp\htdocs\galayomarket\app\code\core\Mage\Core\Controller\Varien\Action.php(418): Mage_Catalog_ProductController->viewAction()
#11 C:\xampp\htdocs\galayomarket\app\code\core\Mage\Core\Controller\Varien\Router\Standard.php(250): Mage_Core_Controller_Varien_Action->dispatch('view')
#12 C:\xampp\htdocs\galayomarket\app\code\core\Mage\Core\Controller\Varien\Front.php(172): Mage_Core_Controller_Varien_Router_Standard->match(Object(Mage_Core_Controller_Request_Http))
#13 C:\xampp\htdocs\galayomarket\app\code\core\Mage\Core\Model\App.php(354): Mage_Core_Controller_Varien_Front->dispatch()
#14 C:\xampp\htdocs\galayomarket\app\Mage.php(684): Mage_Core_Model_App->run(Array)
#15 C:\xampp\htdocs\galayomarket\index.php(87): Mage::run('', 'store')
#16 {main}
2015-10-06T14:57:27+00:00 ERR (3): 
exception 'Mage_Core_Exception' with message 'Invalid block type: Mage_Megamenupro_Block_Megamenupro' in C:\xampp\htdocs\galayomarket\app\Mage.php:595
Stack trace:
#0 C:\xampp\htdocs\galayomarket\app\code\core\Mage\Core\Model\Layout.php(495): Mage::throwException('Invalid block t...')
#1 C:\xampp\htdocs\galayomarket\app\code\core\Mage\Core\Model\Layout.php(437): Mage_Core_Model_Layout->_getBlockInstance('megamenupro/meg...', Array)
#2 C:\xampp\htdocs\galayomarket\app\code\core\Mage\Core\Model\Layout.php(472): Mage_Core_Model_Layout->createBlock('megamenupro/meg...', 'f85079af84623e2...')
#3 C:\xampp\htdocs\galayomarket\app\code\core\Mage\Core\Model\Layout.php(239): Mage_Core_Model_Layout->addBlock('megamenupro/meg...', 'f85079af84623e2...')
#4 C:\xampp\htdocs\galayomarket\app\code\core\Mage\Core\Model\Layout.php(205): Mage_Core_Model_Layout->_generateBlock(Object(Mage_Core_Model_Layout_Element), Object(Mage_Core_Model_Layout_Element))
#5 C:\xampp\htdocs\galayomarket\app\code\core\Mage\Core\Model\Layout.php(210): Mage_Core_Model_Layout->generateBlocks(Object(Mage_Core_Model_Layout_Element))
#6 C:\xampp\htdocs\galayomarket\app\code\core\Mage\Core\Controller\Varien\Action.php(344): Mage_Core_Model_Layout->generateBlocks()
#7 C:\xampp\htdocs\galayomarket\app\code\core\Mage\Catalog\Helper\Product\View.php(73): Mage_Core_Controller_Varien_Action->generateLayoutBlocks()
#8 C:\xampp\htdocs\galayomarket\app\code\core\Mage\Catalog\Helper\Product\View.php(144): Mage_Catalog_Helper_Product_View->initProductLayout(Object(Mage_Catalog_Model_Product), Object(Mage_Catalog_ProductController))
#9 C:\xampp\htdocs\galayomarket\app\code\core\Mage\Catalog\controllers\ProductController.php(132): Mage_Catalog_Helper_Product_View->prepareAndRender(171, Object(Mage_Catalog_ProductController), Object(Varien_Object))
#10 C:\xampp\htdocs\galayomarket\app\code\core\Mage\Core\Controller\Varien\Action.php(418): Mage_Catalog_ProductController->viewAction()
#11 C:\xampp\htdocs\galayomarket\app\code\core\Mage\Core\Controller\Varien\Router\Standard.php(250): Mage_Core_Controller_Varien_Action->dispatch('view')
#12 C:\xampp\htdocs\galayomarket\app\code\core\Mage\Core\Controller\Varien\Front.php(172): Mage_Core_Controller_Varien_Router_Standard->match(Object(Mage_Core_Controller_Request_Http))
#13 C:\xampp\htdocs\galayomarket\app\code\core\Mage\Core\Model\App.php(354): Mage_Core_Controller_Varien_Front->dispatch()
#14 C:\xampp\htdocs\galayomarket\app\Mage.php(684): Mage_Core_Model_App->run(Array)
#15 C:\xampp\htdocs\galayomarket\index.php(87): Mage::run('', 'store')
#16 {main}
2015-10-06T14:57:30+00:00 ERR (3): 
exception 'Mage_Core_Exception' with message 'Invalid block type: Mage_Megamenupro_Block_Megamenupro' in C:\xampp\htdocs\galayomarket\app\Mage.php:595
Stack trace:
#0 C:\xampp\htdocs\galayomarket\app\code\core\Mage\Core\Model\Layout.php(495): Mage::throwException('Invalid block t...')
#1 C:\xampp\htdocs\galayomarket\app\code\core\Mage\Core\Model\Layout.php(437): Mage_Core_Model_Layout->_getBlockInstance('megamenupro/meg...', Array)
#2 C:\xampp\htdocs\galayomarket\app\code\core\Mage\Core\Model\Layout.php(472): Mage_Core_Model_Layout->createBlock('megamenupro/meg...', 'f85079af84623e2...')
#3 C:\xampp\htdocs\galayomarket\app\code\core\Mage\Core\Model\Layout.php(239): Mage_Core_Model_Layout->addBlock('megamenupro/meg...', 'f85079af84623e2...')
#4 C:\xampp\htdocs\galayomarket\app\code\core\Mage\Core\Model\Layout.php(205): Mage_Core_Model_Layout->_generateBlock(Object(Mage_Core_Model_Layout_Element), Object(Mage_Core_Model_Layout_Element))
#5 C:\xampp\htdocs\galayomarket\app\code\core\Mage\Core\Model\Layout.php(210): Mage_Core_Model_Layout->generateBlocks(Object(Mage_Core_Model_Layout_Element))
#6 C:\xampp\htdocs\galayomarket\app\code\core\Mage\Core\Controller\Varien\Action.php(344): Mage_Core_Model_Layout->generateBlocks()
#7 C:\xampp\htdocs\galayomarket\app\code\core\Mage\Catalog\Helper\Product\View.php(73): Mage_Core_Controller_Varien_Action->generateLayoutBlocks()
#8 C:\xampp\htdocs\galayomarket\app\code\core\Mage\Catalog\Helper\Product\View.php(144): Mage_Catalog_Helper_Product_View->initProductLayout(Object(Mage_Catalog_Model_Product), Object(Mage_Catalog_ProductController))
#9 C:\xampp\htdocs\galayomarket\app\code\core\Mage\Catalog\controllers\ProductController.php(132): Mage_Catalog_Helper_Product_View->prepareAndRender(170, Object(Mage_Catalog_ProductController), Object(Varien_Object))
#10 C:\xampp\htdocs\galayomarket\app\code\core\Mage\Core\Controller\Varien\Action.php(418): Mage_Catalog_ProductController->viewAction()
#11 C:\xampp\htdocs\galayomarket\app\code\core\Mage\Core\Controller\Varien\Router\Standard.php(250): Mage_Core_Controller_Varien_Action->dispatch('view')
#12 C:\xampp\htdocs\galayomarket\app\code\core\Mage\Core\Controller\Varien\Front.php(172): Mage_Core_Controller_Varien_Router_Standard->match(Object(Mage_Core_Controller_Request_Http))
#13 C:\xampp\htdocs\galayomarket\app\code\core\Mage\Core\Model\App.php(354): Mage_Core_Controller_Varien_Front->dispatch()
#14 C:\xampp\htdocs\galayomarket\app\Mage.php(684): Mage_Core_Model_App->run(Array)
#15 C:\xampp\htdocs\galayomarket\index.php(87): Mage::run('', 'store')
#16 {main}
2015-10-06T15:01:28+00:00 ERR (3): 
exception 'Mage_Core_Exception' with message 'Invalid block type: Mage_Megamenupro_Block_Megamenupro' in C:\xampp\htdocs\galayomarket\app\Mage.php:595
Stack trace:
#0 C:\xampp\htdocs\galayomarket\app\code\core\Mage\Core\Model\Layout.php(495): Mage::throwException('Invalid block t...')
#1 C:\xampp\htdocs\galayomarket\app\code\core\Mage\Core\Model\Layout.php(437): Mage_Core_Model_Layout->_getBlockInstance('megamenupro/meg...', Array)
#2 C:\xampp\htdocs\galayomarket\app\code\core\Mage\Core\Model\Layout.php(472): Mage_Core_Model_Layout->createBlock('megamenupro/meg...', 'f85079af84623e2...')
#3 C:\xampp\htdocs\galayomarket\app\code\core\Mage\Core\Model\Layout.php(239): Mage_Core_Model_Layout->addBlock('megamenupro/meg...', 'f85079af84623e2...')
#4 C:\xampp\htdocs\galayomarket\app\code\core\Mage\Core\Model\Layout.php(205): Mage_Core_Model_Layout->_generateBlock(Object(Mage_Core_Model_Layout_Element), Object(Mage_Core_Model_Layout_Element))
#5 C:\xampp\htdocs\galayomarket\app\code\core\Mage\Core\Model\Layout.php(210): Mage_Core_Model_Layout->generateBlocks(Object(Mage_Core_Model_Layout_Element))
#6 C:\xampp\htdocs\galayomarket\app\code\core\Mage\Core\Controller\Varien\Action.php(344): Mage_Core_Model_Layout->generateBlocks()
#7 C:\xampp\htdocs\galayomarket\app\code\core\Mage\Cms\Helper\Page.php(113): Mage_Core_Controller_Varien_Action->generateLayoutBlocks()
#8 C:\xampp\htdocs\galayomarket\app\code\core\Mage\Cms\Helper\Page.php(52): Mage_Cms_Helper_Page->_renderPage(Object(Mage_Cms_IndexController), 'galayomarket_ho...')
#9 C:\xampp\htdocs\galayomarket\app\code\core\Mage\Cms\controllers\IndexController.php(45): Mage_Cms_Helper_Page->renderPage(Object(Mage_Cms_IndexController), 'galayomarket_ho...')
#10 C:\xampp\htdocs\galayomarket\app\code\core\Mage\Core\Controller\Varien\Action.php(418): Mage_Cms_IndexController->indexAction()
#11 C:\xampp\htdocs\galayomarket\app\code\core\Mage\Core\Controller\Varien\Router\Standard.php(250): Mage_Core_Controller_Varien_Action->dispatch('index')
#12 C:\xampp\htdocs\galayomarket\app\code\core\Mage\Core\Controller\Varien\Front.php(172): Mage_Core_Controller_Varien_Router_Standard->match(Object(Mage_Core_Controller_Request_Http))
#13 C:\xampp\htdocs\galayomarket\app\code\core\Mage\Core\Model\App.php(354): Mage_Core_Controller_Varien_Front->dispatch()
#14 C:\xampp\htdocs\galayomarket\app\Mage.php(684): Mage_Core_Model_App->run(Array)
#15 C:\xampp\htdocs\galayomarket\index.php(87): Mage::run('', 'store')
#16 {main}
2015-10-06T15:01:38+00:00 ERR (3): 
exception 'Mage_Core_Exception' with message 'Invalid block type: Mage_Megamenupro_Block_Megamenupro' in C:\xampp\htdocs\galayomarket\app\Mage.php:595
Stack trace:
#0 C:\xampp\htdocs\galayomarket\app\code\core\Mage\Core\Model\Layout.php(495): Mage::throwException('Invalid block t...')
#1 C:\xampp\htdocs\galayomarket\app\code\core\Mage\Core\Model\Layout.php(437): Mage_Core_Model_Layout->_getBlockInstance('megamenupro/meg...', Array)
#2 C:\xampp\htdocs\galayomarket\app\code\core\Mage\Core\Model\Layout.php(472): Mage_Core_Model_Layout->createBlock('megamenupro/meg...', 'f85079af84623e2...')
#3 C:\xampp\htdocs\galayomarket\app\code\core\Mage\Core\Model\Layout.php(239): Mage_Core_Model_Layout->addBlock('megamenupro/meg...', 'f85079af84623e2...')
#4 C:\xampp\htdocs\galayomarket\app\code\core\Mage\Core\Model\Layout.php(205): Mage_Core_Model_Layout->_generateBlock(Object(Mage_Core_Model_Layout_Element), Object(Mage_Core_Model_Layout_Element))
#5 C:\xampp\htdocs\galayomarket\app\code\core\Mage\Core\Model\Layout.php(210): Mage_Core_Model_Layout->generateBlocks(Object(Mage_Core_Model_Layout_Element))
#6 C:\xampp\htdocs\galayomarket\app\code\core\Mage\Core\Controller\Varien\Action.php(344): Mage_Core_Model_Layout->generateBlocks()
#7 C:\xampp\htdocs\galayomarket\app\code\core\Mage\Catalog\Helper\Product\View.php(73): Mage_Core_Controller_Varien_Action->generateLayoutBlocks()
#8 C:\xampp\htdocs\galayomarket\app\code\core\Mage\Catalog\Helper\Product\View.php(144): Mage_Catalog_Helper_Product_View->initProductLayout(Object(Mage_Catalog_Model_Product), Object(Mage_Catalog_ProductController))
#9 C:\xampp\htdocs\galayomarket\app\code\core\Mage\Catalog\controllers\ProductController.php(132): Mage_Catalog_Helper_Product_View->prepareAndRender(180, Object(Mage_Catalog_ProductController), Object(Varien_Object))
#10 C:\xampp\htdocs\galayomarket\app\code\core\Mage\Core\Controller\Varien\Action.php(418): Mage_Catalog_ProductController->viewAction()
#11 C:\xampp\htdocs\galayomarket\app\code\core\Mage\Core\Controller\Varien\Router\Standard.php(250): Mage_Core_Controller_Varien_Action->dispatch('view')
#12 C:\xampp\htdocs\galayomarket\app\code\core\Mage\Core\Controller\Varien\Front.php(172): Mage_Core_Controller_Varien_Router_Standard->match(Object(Mage_Core_Controller_Request_Http))
#13 C:\xampp\htdocs\galayomarket\app\code\core\Mage\Core\Model\App.php(354): Mage_Core_Controller_Varien_Front->dispatch()
#14 C:\xampp\htdocs\galayomarket\app\Mage.php(684): Mage_Core_Model_App->run(Array)
#15 C:\xampp\htdocs\galayomarket\index.php(87): Mage::run('', 'store')
#16 {main}
2015-10-06T15:01:43+00:00 ERR (3): 
exception 'Mage_Core_Exception' with message 'Invalid block type: Mage_Megamenupro_Block_Megamenupro' in C:\xampp\htdocs\galayomarket\app\Mage.php:595
Stack trace:
#0 C:\xampp\htdocs\galayomarket\app\code\core\Mage\Core\Model\Layout.php(495): Mage::throwException('Invalid block t...')
#1 C:\xampp\htdocs\galayomarket\app\code\core\Mage\Core\Model\Layout.php(437): Mage_Core_Model_Layout->_getBlockInstance('megamenupro/meg...', Array)
#2 C:\xampp\htdocs\galayomarket\app\code\core\Mage\Core\Model\Layout.php(472): Mage_Core_Model_Layout->createBlock('megamenupro/meg...', 'f85079af84623e2...')
#3 C:\xampp\htdocs\galayomarket\app\code\core\Mage\Core\Model\Layout.php(239): Mage_Core_Model_Layout->addBlock('megamenupro/meg...', 'f85079af84623e2...')
#4 C:\xampp\htdocs\galayomarket\app\code\core\Mage\Core\Model\Layout.php(205): Mage_Core_Model_Layout->_generateBlock(Object(Mage_Core_Model_Layout_Element), Object(Mage_Core_Model_Layout_Element))
#5 C:\xampp\htdocs\galayomarket\app\code\core\Mage\Core\Model\Layout.php(210): Mage_Core_Model_Layout->generateBlocks(Object(Mage_Core_Model_Layout_Element))
#6 C:\xampp\htdocs\galayomarket\app\code\core\Mage\Core\Controller\Varien\Action.php(344): Mage_Core_Model_Layout->generateBlocks()
#7 C:\xampp\htdocs\galayomarket\app\code\core\Mage\Core\Controller\Varien\Action.php(269): Mage_Core_Controller_Varien_Action->generateLayoutBlocks()
#8 C:\xampp\htdocs\galayomarket\app\code\community\EM\Ajaxcart\controllers\CartController.php(120): Mage_Core_Controller_Varien_Action->loadLayout()
#9 C:\xampp\htdocs\galayomarket\app\code\core\Mage\Core\Controller\Varien\Action.php(418): EM_Ajaxcart_CartController->addAction()
#10 C:\xampp\htdocs\galayomarket\app\code\core\Mage\Core\Controller\Varien\Router\Standard.php(250): Mage_Core_Controller_Varien_Action->dispatch('add')
#11 C:\xampp\htdocs\galayomarket\app\code\core\Mage\Core\Controller\Varien\Front.php(172): Mage_Core_Controller_Varien_Router_Standard->match(Object(Mage_Core_Controller_Request_Http))
#12 C:\xampp\htdocs\galayomarket\app\code\core\Mage\Core\Model\App.php(354): Mage_Core_Controller_Varien_Front->dispatch()
#13 C:\xampp\htdocs\galayomarket\app\Mage.php(684): Mage_Core_Model_App->run(Array)
#14 C:\xampp\htdocs\galayomarket\index.php(87): Mage::run('', 'store')
#15 {main}
2015-10-06T15:01:50+00:00 ERR (3): 
exception 'Mage_Core_Exception' with message 'Invalid block type: Mage_Megamenupro_Block_Megamenupro' in C:\xampp\htdocs\galayomarket\app\Mage.php:595
Stack trace:
#0 C:\xampp\htdocs\galayomarket\app\code\core\Mage\Core\Model\Layout.php(495): Mage::throwException('Invalid block t...')
#1 C:\xampp\htdocs\galayomarket\app\code\core\Mage\Core\Model\Layout.php(437): Mage_Core_Model_Layout->_getBlockInstance('megamenupro/meg...', Array)
#2 C:\xampp\htdocs\galayomarket\app\code\core\Mage\Core\Model\Layout.php(472): Mage_Core_Model_Layout->createBlock('megamenupro/meg...', 'f85079af84623e2...')
#3 C:\xampp\htdocs\galayomarket\app\code\core\Mage\Core\Model\Layout.php(239): Mage_Core_Model_Layout->addBlock('megamenupro/meg...', 'f85079af84623e2...')
#4 C:\xampp\htdocs\galayomarket\app\code\core\Mage\Core\Model\Layout.php(205): Mage_Core_Model_Layout->_generateBlock(Object(Mage_Core_Model_Layout_Element), Object(Mage_Core_Model_Layout_Element))
#5 C:\xampp\htdocs\galayomarket\app\code\core\Mage\Core\Model\Layout.php(210): Mage_Core_Model_Layout->generateBlocks(Object(Mage_Core_Model_Layout_Element))
#6 C:\xampp\htdocs\galayomarket\app\code\core\Mage\Core\Controller\Varien\Action.php(344): Mage_Core_Model_Layout->generateBlocks()
#7 C:\xampp\htdocs\galayomarket\app\code\core\Mage\Core\Controller\Varien\Action.php(269): Mage_Core_Controller_Varien_Action->generateLayoutBlocks()
#8 C:\xampp\htdocs\galayomarket\app\code\core\Mage\Checkout\controllers\CartController.php(160): Mage_Core_Controller_Varien_Action->loadLayout()
#9 C:\xampp\htdocs\galayomarket\app\code\core\Mage\Core\Controller\Varien\Action.php(418): Mage_Checkout_CartController->indexAction()
#10 C:\xampp\htdocs\galayomarket\app\code\core\Mage\Core\Controller\Varien\Router\Standard.php(250): Mage_Core_Controller_Varien_Action->dispatch('index')
#11 C:\xampp\htdocs\galayomarket\app\code\core\Mage\Core\Controller\Varien\Front.php(172): Mage_Core_Controller_Varien_Router_Standard->match(Object(Mage_Core_Controller_Request_Http))
#12 C:\xampp\htdocs\galayomarket\app\code\core\Mage\Core\Model\App.php(354): Mage_Core_Controller_Varien_Front->dispatch()
#13 C:\xampp\htdocs\galayomarket\app\Mage.php(684): Mage_Core_Model_App->run(Array)
#14 C:\xampp\htdocs\galayomarket\index.php(87): Mage::run('', 'store')
#15 {main}
2015-10-06T15:01:55+00:00 ERR (3): 
exception 'Mage_Core_Exception' with message 'Invalid block type: Mage_Megamenupro_Block_Megamenupro' in C:\xampp\htdocs\galayomarket\app\Mage.php:595
Stack trace:
#0 C:\xampp\htdocs\galayomarket\app\code\core\Mage\Core\Model\Layout.php(495): Mage::throwException('Invalid block t...')
#1 C:\xampp\htdocs\galayomarket\app\code\core\Mage\Core\Model\Layout.php(437): Mage_Core_Model_Layout->_getBlockInstance('megamenupro/meg...', Array)
#2 C:\xampp\htdocs\galayomarket\app\code\core\Mage\Core\Model\Layout.php(472): Mage_Core_Model_Layout->createBlock('megamenupro/meg...', 'f85079af84623e2...')
#3 C:\xampp\htdocs\galayomarket\app\code\core\Mage\Core\Model\Layout.php(239): Mage_Core_Model_Layout->addBlock('megamenupro/meg...', 'f85079af84623e2...')
#4 C:\xampp\htdocs\galayomarket\app\code\core\Mage\Core\Model\Layout.php(205): Mage_Core_Model_Layout->_generateBlock(Object(Mage_Core_Model_Layout_Element), Object(Mage_Core_Model_Layout_Element))
#5 C:\xampp\htdocs\galayomarket\app\code\core\Mage\Core\Model\Layout.php(210): Mage_Core_Model_Layout->generateBlocks(Object(Mage_Core_Model_Layout_Element))
#6 C:\xampp\htdocs\galayomarket\app\code\core\Mage\Core\Controller\Varien\Action.php(344): Mage_Core_Model_Layout->generateBlocks()
#7 C:\xampp\htdocs\galayomarket\app\code\core\Mage\Core\Controller\Varien\Action.php(269): Mage_Core_Controller_Varien_Action->generateLayoutBlocks()
#8 C:\xampp\htdocs\galayomarket\app\code\core\Mage\Checkout\controllers\OnepageController.php(212): Mage_Core_Controller_Varien_Action->loadLayout()
#9 C:\xampp\htdocs\galayomarket\app\code\core\Mage\Core\Controller\Varien\Action.php(418): Mage_Checkout_OnepageController->indexAction()
#10 C:\xampp\htdocs\galayomarket\app\code\core\Mage\Core\Controller\Varien\Router\Standard.php(250): Mage_Core_Controller_Varien_Action->dispatch('index')
#11 C:\xampp\htdocs\galayomarket\app\code\core\Mage\Core\Controller\Varien\Front.php(172): Mage_Core_Controller_Varien_Router_Standard->match(Object(Mage_Core_Controller_Request_Http))
#12 C:\xampp\htdocs\galayomarket\app\code\core\Mage\Core\Model\App.php(354): Mage_Core_Controller_Varien_Front->dispatch()
#13 C:\xampp\htdocs\galayomarket\app\Mage.php(684): Mage_Core_Model_App->run(Array)
#14 C:\xampp\htdocs\galayomarket\index.php(87): Mage::run('', 'store')
#15 {main}
2015-10-06T15:02:53+00:00 ERR (3): 
exception 'Mage_Core_Exception' with message 'Invalid block type: Mage_Megamenupro_Block_Megamenupro' in C:\xampp\htdocs\galayomarket\app\Mage.php:595
Stack trace:
#0 C:\xampp\htdocs\galayomarket\app\code\core\Mage\Core\Model\Layout.php(495): Mage::throwException('Invalid block t...')
#1 C:\xampp\htdocs\galayomarket\app\code\core\Mage\Core\Model\Layout.php(437): Mage_Core_Model_Layout->_getBlockInstance('megamenupro/meg...', Array)
#2 C:\xampp\htdocs\galayomarket\app\code\core\Mage\Core\Model\Layout.php(472): Mage_Core_Model_Layout->createBlock('megamenupro/meg...', 'f85079af84623e2...')
#3 C:\xampp\htdocs\galayomarket\app\code\core\Mage\Core\Model\Layout.php(239): Mage_Core_Model_Layout->addBlock('megamenupro/meg...', 'f85079af84623e2...')
#4 C:\xampp\htdocs\galayomarket\app\code\core\Mage\Core\Model\Layout.php(205): Mage_Core_Model_Layout->_generateBlock(Object(Mage_Core_Model_Layout_Element), Object(Mage_Core_Model_Layout_Element))
#5 C:\xampp\htdocs\galayomarket\app\code\core\Mage\Core\Model\Layout.php(210): Mage_Core_Model_Layout->generateBlocks(Object(Mage_Core_Model_Layout_Element))
#6 C:\xampp\htdocs\galayomarket\app\code\core\Mage\Core\Controller\Varien\Action.php(344): Mage_Core_Model_Layout->generateBlocks()
#7 C:\xampp\htdocs\galayomarket\app\code\core\Mage\Core\Controller\Varien\Action.php(269): Mage_Core_Controller_Varien_Action->generateLayoutBlocks()
#8 C:\xampp\htdocs\galayomarket\app\code\core\Mage\Checkout\controllers\OnepageController.php(292): Mage_Core_Controller_Varien_Action->loadLayout()
#9 C:\xampp\htdocs\galayomarket\app\code\core\Mage\Core\Controller\Varien\Action.php(418): Mage_Checkout_OnepageController->successAction()
#10 C:\xampp\htdocs\galayomarket\app\code\core\Mage\Core\Controller\Varien\Router\Standard.php(250): Mage_Core_Controller_Varien_Action->dispatch('success')
#11 C:\xampp\htdocs\galayomarket\app\code\core\Mage\Core\Controller\Varien\Front.php(172): Mage_Core_Controller_Varien_Router_Standard->match(Object(Mage_Core_Controller_Request_Http))
#12 C:\xampp\htdocs\galayomarket\app\code\core\Mage\Core\Model\App.php(354): Mage_Core_Controller_Varien_Front->dispatch()
#13 C:\xampp\htdocs\galayomarket\app\Mage.php(684): Mage_Core_Model_App->run(Array)
#14 C:\xampp\htdocs\galayomarket\index.php(87): Mage::run('', 'store')
#15 {main}
2015-10-06T15:03:27+00:00 ERR (3): 
exception 'Mage_Core_Exception' with message 'Invalid block type: Mage_Megamenupro_Block_Megamenupro' in C:\xampp\htdocs\galayomarket\app\Mage.php:595
Stack trace:
#0 C:\xampp\htdocs\galayomarket\app\code\core\Mage\Core\Model\Layout.php(495): Mage::throwException('Invalid block t...')
#1 C:\xampp\htdocs\galayomarket\app\code\core\Mage\Core\Model\Layout.php(437): Mage_Core_Model_Layout->_getBlockInstance('megamenupro/meg...', Array)
#2 C:\xampp\htdocs\galayomarket\app\code\core\Mage\Core\Model\Layout.php(472): Mage_Core_Model_Layout->createBlock('megamenupro/meg...', 'f85079af84623e2...')
#3 C:\xampp\htdocs\galayomarket\app\code\core\Mage\Core\Model\Layout.php(239): Mage_Core_Model_Layout->addBlock('megamenupro/meg...', 'f85079af84623e2...')
#4 C:\xampp\htdocs\galayomarket\app\code\core\Mage\Core\Model\Layout.php(205): Mage_Core_Model_Layout->_generateBlock(Object(Mage_Core_Model_Layout_Element), Object(Mage_Core_Model_Layout_Element))
#5 C:\xampp\htdocs\galayomarket\app\code\core\Mage\Core\Model\Layout.php(210): Mage_Core_Model_Layout->generateBlocks(Object(Mage_Core_Model_Layout_Element))
#6 C:\xampp\htdocs\galayomarket\app\code\core\Mage\Core\Controller\Varien\Action.php(344): Mage_Core_Model_Layout->generateBlocks()
#7 C:\xampp\htdocs\galayomarket\app\code\core\Mage\Cms\Helper\Page.php(113): Mage_Core_Controller_Varien_Action->generateLayoutBlocks()
#8 C:\xampp\htdocs\galayomarket\app\code\core\Mage\Cms\Helper\Page.php(52): Mage_Cms_Helper_Page->_renderPage(Object(Mage_Cms_IndexController), 'galayomarket_ho...')
#9 C:\xampp\htdocs\galayomarket\app\code\core\Mage\Cms\controllers\IndexController.php(45): Mage_Cms_Helper_Page->renderPage(Object(Mage_Cms_IndexController), 'galayomarket_ho...')
#10 C:\xampp\htdocs\galayomarket\app\code\core\Mage\Core\Controller\Varien\Action.php(418): Mage_Cms_IndexController->indexAction()
#11 C:\xampp\htdocs\galayomarket\app\code\core\Mage\Core\Controller\Varien\Router\Standard.php(250): Mage_Core_Controller_Varien_Action->dispatch('index')
#12 C:\xampp\htdocs\galayomarket\app\code\core\Mage\Core\Controller\Varien\Front.php(172): Mage_Core_Controller_Varien_Router_Standard->match(Object(Mage_Core_Controller_Request_Http))
#13 C:\xampp\htdocs\galayomarket\app\code\core\Mage\Core\Model\App.php(354): Mage_Core_Controller_Varien_Front->dispatch()
#14 C:\xampp\htdocs\galayomarket\app\Mage.php(684): Mage_Core_Model_App->run(Array)
#15 C:\xampp\htdocs\galayomarket\index.php(87): Mage::run('', 'store')
#16 {main}
2015-10-06T15:12:34+00:00 ERR (3): 
exception 'Mage_Core_Exception' with message 'Type de bloc non valide : Mage_Megamenupro_Block_Megamenupro' in C:\xampp\htdocs\galayomarket\app\Mage.php:595
Stack trace:
#0 C:\xampp\htdocs\galayomarket\app\code\core\Mage\Core\Model\Layout.php(495): Mage::throwException('Type de bloc no...')
#1 C:\xampp\htdocs\galayomarket\app\code\core\Mage\Core\Model\Layout.php(437): Mage_Core_Model_Layout->_getBlockInstance('megamenupro/meg...', Array)
#2 C:\xampp\htdocs\galayomarket\app\code\core\Mage\Core\Model\Layout.php(472): Mage_Core_Model_Layout->createBlock('megamenupro/meg...', 'f85079af84623e2...')
#3 C:\xampp\htdocs\galayomarket\app\code\core\Mage\Core\Model\Layout.php(239): Mage_Core_Model_Layout->addBlock('megamenupro/meg...', 'f85079af84623e2...')
#4 C:\xampp\htdocs\galayomarket\app\code\core\Mage\Core\Model\Layout.php(205): Mage_Core_Model_Layout->_generateBlock(Object(Mage_Core_Model_Layout_Element), Object(Mage_Core_Model_Layout_Element))
#5 C:\xampp\htdocs\galayomarket\app\code\core\Mage\Core\Model\Layout.php(210): Mage_Core_Model_Layout->generateBlocks(Object(Mage_Core_Model_Layout_Element))
#6 C:\xampp\htdocs\galayomarket\app\code\core\Mage\Core\Controller\Varien\Action.php(344): Mage_Core_Model_Layout->generateBlocks()
#7 C:\xampp\htdocs\galayomarket\app\code\core\Mage\Cms\Helper\Page.php(113): Mage_Core_Controller_Varien_Action->generateLayoutBlocks()
#8 C:\xampp\htdocs\galayomarket\app\code\core\Mage\Cms\Helper\Page.php(52): Mage_Cms_Helper_Page->_renderPage(Object(Mage_Cms_IndexController), 'galayomarket_ho...')
#9 C:\xampp\htdocs\galayomarket\app\code\core\Mage\Cms\controllers\IndexController.php(45): Mage_Cms_Helper_Page->renderPage(Object(Mage_Cms_IndexController), 'galayomarket_ho...')
#10 C:\xampp\htdocs\galayomarket\app\code\core\Mage\Core\Controller\Varien\Action.php(418): Mage_Cms_IndexController->indexAction()
#11 C:\xampp\htdocs\galayomarket\app\code\core\Mage\Core\Controller\Varien\Router\Standard.php(250): Mage_Core_Controller_Varien_Action->dispatch('index')
#12 C:\xampp\htdocs\galayomarket\app\code\core\Mage\Core\Controller\Varien\Front.php(172): Mage_Core_Controller_Varien_Router_Standard->match(Object(Mage_Core_Controller_Request_Http))
#13 C:\xampp\htdocs\galayomarket\app\code\core\Mage\Core\Model\App.php(354): Mage_Core_Controller_Varien_Front->dispatch()
#14 C:\xampp\htdocs\galayomarket\app\Mage.php(684): Mage_Core_Model_App->run(Array)
#15 C:\xampp\htdocs\galayomarket\index.php(87): Mage::run('', 'store')
#16 {main}
2015-10-06T15:12:50+00:00 ERR (3): 
exception 'Mage_Core_Exception' with message 'Invalid block type: Mage_Megamenupro_Block_Megamenupro' in C:\xampp\htdocs\galayomarket\app\Mage.php:595
Stack trace:
#0 C:\xampp\htdocs\galayomarket\app\code\core\Mage\Core\Model\Layout.php(495): Mage::throwException('Invalid block t...')
#1 C:\xampp\htdocs\galayomarket\app\code\core\Mage\Core\Model\Layout.php(437): Mage_Core_Model_Layout->_getBlockInstance('megamenupro/meg...', Array)
#2 C:\xampp\htdocs\galayomarket\app\code\core\Mage\Core\Model\Layout.php(472): Mage_Core_Model_Layout->createBlock('megamenupro/meg...', 'f85079af84623e2...')
#3 C:\xampp\htdocs\galayomarket\app\code\core\Mage\Core\Model\Layout.php(239): Mage_Core_Model_Layout->addBlock('megamenupro/meg...', 'f85079af84623e2...')
#4 C:\xampp\htdocs\galayomarket\app\code\core\Mage\Core\Model\Layout.php(205): Mage_Core_Model_Layout->_generateBlock(Object(Mage_Core_Model_Layout_Element), Object(Mage_Core_Model_Layout_Element))
#5 C:\xampp\htdocs\galayomarket\app\code\core\Mage\Core\Model\Layout.php(210): Mage_Core_Model_Layout->generateBlocks(Object(Mage_Core_Model_Layout_Element))
#6 C:\xampp\htdocs\galayomarket\app\code\core\Mage\Core\Controller\Varien\Action.php(344): Mage_Core_Model_Layout->generateBlocks()
#7 C:\xampp\htdocs\galayomarket\app\code\core\Mage\Cms\Helper\Page.php(113): Mage_Core_Controller_Varien_Action->generateLayoutBlocks()
#8 C:\xampp\htdocs\galayomarket\app\code\core\Mage\Cms\Helper\Page.php(52): Mage_Cms_Helper_Page->_renderPage(Object(Mage_Cms_IndexController), 'galayomarket_ho...')
#9 C:\xampp\htdocs\galayomarket\app\code\core\Mage\Cms\controllers\IndexController.php(45): Mage_Cms_Helper_Page->renderPage(Object(Mage_Cms_IndexController), 'galayomarket_ho...')
#10 C:\xampp\htdocs\galayomarket\app\code\core\Mage\Core\Controller\Varien\Action.php(418): Mage_Cms_IndexController->indexAction()
#11 C:\xampp\htdocs\galayomarket\app\code\core\Mage\Core\Controller\Varien\Router\Standard.php(250): Mage_Core_Controller_Varien_Action->dispatch('index')
#12 C:\xampp\htdocs\galayomarket\app\code\core\Mage\Core\Controller\Varien\Front.php(172): Mage_Core_Controller_Varien_Router_Standard->match(Object(Mage_Core_Controller_Request_Http))
#13 C:\xampp\htdocs\galayomarket\app\code\core\Mage\Core\Model\App.php(354): Mage_Core_Controller_Varien_Front->dispatch()
#14 C:\xampp\htdocs\galayomarket\app\Mage.php(684): Mage_Core_Model_App->run(Array)
#15 C:\xampp\htdocs\galayomarket\index.php(87): Mage::run('', 'store')
#16 {main}
2015-10-06T15:12:55+00:00 ERR (3): 
exception 'Mage_Core_Exception' with message 'Invalid block type: Mage_Megamenupro_Block_Megamenupro' in C:\xampp\htdocs\galayomarket\app\Mage.php:595
Stack trace:
#0 C:\xampp\htdocs\galayomarket\app\code\core\Mage\Core\Model\Layout.php(495): Mage::throwException('Invalid block t...')
#1 C:\xampp\htdocs\galayomarket\app\code\core\Mage\Core\Model\Layout.php(437): Mage_Core_Model_Layout->_getBlockInstance('megamenupro/meg...', Array)
#2 C:\xampp\htdocs\galayomarket\app\code\core\Mage\Core\Model\Layout.php(472): Mage_Core_Model_Layout->createBlock('megamenupro/meg...', 'f85079af84623e2...')
#3 C:\xampp\htdocs\galayomarket\app\code\core\Mage\Core\Model\Layout.php(239): Mage_Core_Model_Layout->addBlock('megamenupro/meg...', 'f85079af84623e2...')
#4 C:\xampp\htdocs\galayomarket\app\code\core\Mage\Core\Model\Layout.php(205): Mage_Core_Model_Layout->_generateBlock(Object(Mage_Core_Model_Layout_Element), Object(Mage_Core_Model_Layout_Element))
#5 C:\xampp\htdocs\galayomarket\app\code\core\Mage\Core\Model\Layout.php(210): Mage_Core_Model_Layout->generateBlocks(Object(Mage_Core_Model_Layout_Element))
#6 C:\xampp\htdocs\galayomarket\app\code\core\Mage\Core\Controller\Varien\Action.php(344): Mage_Core_Model_Layout->generateBlocks()
#7 C:\xampp\htdocs\galayomarket\app\code\core\Mage\Cms\Helper\Page.php(113): Mage_Core_Controller_Varien_Action->generateLayoutBlocks()
#8 C:\xampp\htdocs\galayomarket\app\code\core\Mage\Cms\Helper\Page.php(52): Mage_Cms_Helper_Page->_renderPage(Object(Mage_Cms_IndexController), 'galayomarket_ho...')
#9 C:\xampp\htdocs\galayomarket\app\code\core\Mage\Cms\controllers\IndexController.php(45): Mage_Cms_Helper_Page->renderPage(Object(Mage_Cms_IndexController), 'galayomarket_ho...')
#10 C:\xampp\htdocs\galayomarket\app\code\core\Mage\Core\Controller\Varien\Action.php(418): Mage_Cms_IndexController->indexAction()
#11 C:\xampp\htdocs\galayomarket\app\code\core\Mage\Core\Controller\Varien\Router\Standard.php(250): Mage_Core_Controller_Varien_Action->dispatch('index')
#12 C:\xampp\htdocs\galayomarket\app\code\core\Mage\Core\Controller\Varien\Front.php(172): Mage_Core_Controller_Varien_Router_Standard->match(Object(Mage_Core_Controller_Request_Http))
#13 C:\xampp\htdocs\galayomarket\app\code\core\Mage\Core\Model\App.php(354): Mage_Core_Controller_Varien_Front->dispatch()
#14 C:\xampp\htdocs\galayomarket\app\Mage.php(684): Mage_Core_Model_App->run(Array)
#15 C:\xampp\htdocs\galayomarket\index.php(87): Mage::run('', 'store')
#16 {main}
2015-10-06T15:16:59+00:00 ERR (3): 
exception 'Mage_Core_Exception' with message 'Invalid block type: Mage_Megamenupro_Block_Megamenupro' in C:\xampp\htdocs\galayomarket\app\Mage.php:595
Stack trace:
#0 C:\xampp\htdocs\galayomarket\app\code\core\Mage\Core\Model\Layout.php(495): Mage::throwException('Invalid block t...')
#1 C:\xampp\htdocs\galayomarket\app\code\core\Mage\Core\Model\Layout.php(437): Mage_Core_Model_Layout->_getBlockInstance('megamenupro/meg...', Array)
#2 C:\xampp\htdocs\galayomarket\app\code\core\Mage\Core\Model\Layout.php(472): Mage_Core_Model_Layout->createBlock('megamenupro/meg...', 'f85079af84623e2...')
#3 C:\xampp\htdocs\galayomarket\app\code\core\Mage\Core\Model\Layout.php(239): Mage_Core_Model_Layout->addBlock('megamenupro/meg...', 'f85079af84623e2...')
#4 C:\xampp\htdocs\galayomarket\app\code\core\Mage\Core\Model\Layout.php(205): Mage_Core_Model_Layout->_generateBlock(Object(Mage_Core_Model_Layout_Element), Object(Mage_Core_Model_Layout_Element))
#5 C:\xampp\htdocs\galayomarket\app\code\core\Mage\Core\Model\Layout.php(210): Mage_Core_Model_Layout->generateBlocks(Object(Mage_Core_Model_Layout_Element))
#6 C:\xampp\htdocs\galayomarket\app\code\core\Mage\Core\Controller\Varien\Action.php(344): Mage_Core_Model_Layout->generateBlocks()
#7 C:\xampp\htdocs\galayomarket\app\code\core\Mage\Cms\Helper\Page.php(113): Mage_Core_Controller_Varien_Action->generateLayoutBlocks()
#8 C:\xampp\htdocs\galayomarket\app\code\core\Mage\Cms\Helper\Page.php(52): Mage_Cms_Helper_Page->_renderPage(Object(Mage_Cms_IndexController), 'galayomarket_ho...')
#9 C:\xampp\htdocs\galayomarket\app\code\core\Mage\Cms\controllers\IndexController.php(45): Mage_Cms_Helper_Page->renderPage(Object(Mage_Cms_IndexController), 'galayomarket_ho...')
#10 C:\xampp\htdocs\galayomarket\app\code\core\Mage\Core\Controller\Varien\Action.php(418): Mage_Cms_IndexController->indexAction()
#11 C:\xampp\htdocs\galayomarket\app\code\core\Mage\Core\Controller\Varien\Router\Standard.php(250): Mage_Core_Controller_Varien_Action->dispatch('index')
#12 C:\xampp\htdocs\galayomarket\app\code\core\Mage\Core\Controller\Varien\Front.php(172): Mage_Core_Controller_Varien_Router_Standard->match(Object(Mage_Core_Controller_Request_Http))
#13 C:\xampp\htdocs\galayomarket\app\code\core\Mage\Core\Model\App.php(354): Mage_Core_Controller_Varien_Front->dispatch()
#14 C:\xampp\htdocs\galayomarket\app\Mage.php(684): Mage_Core_Model_App->run(Array)
#15 C:\xampp\htdocs\galayomarket\index.php(87): Mage::run('', 'store')
#16 {main}
2015-10-06T15:17:12+00:00 ERR (3): 
exception 'Mage_Core_Exception' with message 'Invalid block type: Mage_Megamenupro_Block_Megamenupro' in C:\xampp\htdocs\galayomarket\app\Mage.php:595
Stack trace:
#0 C:\xampp\htdocs\galayomarket\app\code\core\Mage\Core\Model\Layout.php(495): Mage::throwException('Invalid block t...')
#1 C:\xampp\htdocs\galayomarket\app\code\core\Mage\Core\Model\Layout.php(437): Mage_Core_Model_Layout->_getBlockInstance('megamenupro/meg...', Array)
#2 C:\xampp\htdocs\galayomarket\app\code\core\Mage\Core\Model\Layout.php(472): Mage_Core_Model_Layout->createBlock('megamenupro/meg...', 'f85079af84623e2...')
#3 C:\xampp\htdocs\galayomarket\app\code\core\Mage\Core\Model\Layout.php(239): Mage_Core_Model_Layout->addBlock('megamenupro/meg...', 'f85079af84623e2...')
#4 C:\xampp\htdocs\galayomarket\app\code\core\Mage\Core\Model\Layout.php(205): Mage_Core_Model_Layout->_generateBlock(Object(Mage_Core_Model_Layout_Element), Object(Mage_Core_Model_Layout_Element))
#5 C:\xampp\htdocs\galayomarket\app\code\core\Mage\Core\Model\Layout.php(210): Mage_Core_Model_Layout->generateBlocks(Object(Mage_Core_Model_Layout_Element))
#6 C:\xampp\htdocs\galayomarket\app\code\core\Mage\Core\Controller\Varien\Action.php(344): Mage_Core_Model_Layout->generateBlocks()
#7 C:\xampp\htdocs\galayomarket\app\code\core\Mage\Cms\Helper\Page.php(113): Mage_Core_Controller_Varien_Action->generateLayoutBlocks()
#8 C:\xampp\htdocs\galayomarket\app\code\core\Mage\Cms\Helper\Page.php(52): Mage_Cms_Helper_Page->_renderPage(Object(Mage_Cms_IndexController), 'galayomarket_ho...')
#9 C:\xampp\htdocs\galayomarket\app\code\core\Mage\Cms\controllers\IndexController.php(45): Mage_Cms_Helper_Page->renderPage(Object(Mage_Cms_IndexController), 'galayomarket_ho...')
#10 C:\xampp\htdocs\galayomarket\app\code\core\Mage\Core\Controller\Varien\Action.php(418): Mage_Cms_IndexController->indexAction()
#11 C:\xampp\htdocs\galayomarket\app\code\core\Mage\Core\Controller\Varien\Router\Standard.php(250): Mage_Core_Controller_Varien_Action->dispatch('index')
#12 C:\xampp\htdocs\galayomarket\app\code\core\Mage\Core\Controller\Varien\Front.php(172): Mage_Core_Controller_Varien_Router_Standard->match(Object(Mage_Core_Controller_Request_Http))
#13 C:\xampp\htdocs\galayomarket\app\code\core\Mage\Core\Model\App.php(354): Mage_Core_Controller_Varien_Front->dispatch()
#14 C:\xampp\htdocs\galayomarket\app\Mage.php(684): Mage_Core_Model_App->run(Array)
#15 C:\xampp\htdocs\galayomarket\index.php(87): Mage::run('', 'store')
#16 {main}
2015-10-06T15:17:33+00:00 ERR (3): 
exception 'Mage_Core_Exception' with message 'Invalid block type: Mage_Megamenupro_Block_Megamenupro' in C:\xampp\htdocs\galayomarket\app\Mage.php:595
Stack trace:
#0 C:\xampp\htdocs\galayomarket\app\code\core\Mage\Core\Model\Layout.php(495): Mage::throwException('Invalid block t...')
#1 C:\xampp\htdocs\galayomarket\app\code\core\Mage\Core\Model\Layout.php(437): Mage_Core_Model_Layout->_getBlockInstance('megamenupro/meg...', Array)
#2 C:\xampp\htdocs\galayomarket\app\code\core\Mage\Core\Model\Layout.php(472): Mage_Core_Model_Layout->createBlock('megamenupro/meg...', 'f85079af84623e2...')
#3 C:\xampp\htdocs\galayomarket\app\code\core\Mage\Core\Model\Layout.php(239): Mage_Core_Model_Layout->addBlock('megamenupro/meg...', 'f85079af84623e2...')
#4 C:\xampp\htdocs\galayomarket\app\code\core\Mage\Core\Model\Layout.php(205): Mage_Core_Model_Layout->_generateBlock(Object(Mage_Core_Model_Layout_Element), Object(Mage_Core_Model_Layout_Element))
#5 C:\xampp\htdocs\galayomarket\app\code\core\Mage\Core\Model\Layout.php(210): Mage_Core_Model_Layout->generateBlocks(Object(Mage_Core_Model_Layout_Element))
#6 C:\xampp\htdocs\galayomarket\app\code\core\Mage\Core\Controller\Varien\Action.php(344): Mage_Core_Model_Layout->generateBlocks()
#7 C:\xampp\htdocs\galayomarket\app\code\core\Mage\Cms\Helper\Page.php(113): Mage_Core_Controller_Varien_Action->generateLayoutBlocks()
#8 C:\xampp\htdocs\galayomarket\app\code\core\Mage\Cms\Helper\Page.php(52): Mage_Cms_Helper_Page->_renderPage(Object(Mage_Cms_IndexController), 'galayomarket_ho...')
#9 C:\xampp\htdocs\galayomarket\app\code\core\Mage\Cms\controllers\IndexController.php(45): Mage_Cms_Helper_Page->renderPage(Object(Mage_Cms_IndexController), 'galayomarket_ho...')
#10 C:\xampp\htdocs\galayomarket\app\code\core\Mage\Core\Controller\Varien\Action.php(418): Mage_Cms_IndexController->indexAction()
#11 C:\xampp\htdocs\galayomarket\app\code\core\Mage\Core\Controller\Varien\Router\Standard.php(250): Mage_Core_Controller_Varien_Action->dispatch('index')
#12 C:\xampp\htdocs\galayomarket\app\code\core\Mage\Core\Controller\Varien\Front.php(172): Mage_Core_Controller_Varien_Router_Standard->match(Object(Mage_Core_Controller_Request_Http))
#13 C:\xampp\htdocs\galayomarket\app\code\core\Mage\Core\Model\App.php(354): Mage_Core_Controller_Varien_Front->dispatch()
#14 C:\xampp\htdocs\galayomarket\app\Mage.php(684): Mage_Core_Model_App->run(Array)
#15 C:\xampp\htdocs\galayomarket\index.php(87): Mage::run('', 'store')
#16 {main}
2015-10-06T15:21:38+00:00 ERR (3): 
exception 'Mage_Core_Exception' with message 'Invalid block type: Mage_Megamenupro_Block_Megamenupro' in C:\xampp\htdocs\galayomarket\app\Mage.php:595
Stack trace:
#0 C:\xampp\htdocs\galayomarket\app\code\core\Mage\Core\Model\Layout.php(495): Mage::throwException('Invalid block t...')
#1 C:\xampp\htdocs\galayomarket\app\code\core\Mage\Core\Model\Layout.php(437): Mage_Core_Model_Layout->_getBlockInstance('megamenupro/meg...', Array)
#2 C:\xampp\htdocs\galayomarket\app\code\core\Mage\Core\Model\Layout.php(472): Mage_Core_Model_Layout->createBlock('megamenupro/meg...', 'f85079af84623e2...')
#3 C:\xampp\htdocs\galayomarket\app\code\core\Mage\Core\Model\Layout.php(239): Mage_Core_Model_Layout->addBlock('megamenupro/meg...', 'f85079af84623e2...')
#4 C:\xampp\htdocs\galayomarket\app\code\core\Mage\Core\Model\Layout.php(205): Mage_Core_Model_Layout->_generateBlock(Object(Mage_Core_Model_Layout_Element), Object(Mage_Core_Model_Layout_Element))
#5 C:\xampp\htdocs\galayomarket\app\code\core\Mage\Core\Model\Layout.php(210): Mage_Core_Model_Layout->generateBlocks(Object(Mage_Core_Model_Layout_Element))
#6 C:\xampp\htdocs\galayomarket\app\code\core\Mage\Core\Controller\Varien\Action.php(344): Mage_Core_Model_Layout->generateBlocks()
#7 C:\xampp\htdocs\galayomarket\app\code\core\Mage\Cms\Helper\Page.php(113): Mage_Core_Controller_Varien_Action->generateLayoutBlocks()
#8 C:\xampp\htdocs\galayomarket\app\code\core\Mage\Cms\Helper\Page.php(52): Mage_Cms_Helper_Page->_renderPage(Object(Mage_Cms_IndexController), 'galayomarket_ho...')
#9 C:\xampp\htdocs\galayomarket\app\code\core\Mage\Cms\controllers\IndexController.php(45): Mage_Cms_Helper_Page->renderPage(Object(Mage_Cms_IndexController), 'galayomarket_ho...')
#10 C:\xampp\htdocs\galayomarket\app\code\core\Mage\Core\Controller\Varien\Action.php(418): Mage_Cms_IndexController->indexAction()
#11 C:\xampp\htdocs\galayomarket\app\code\core\Mage\Core\Controller\Varien\Router\Standard.php(250): Mage_Core_Controller_Varien_Action->dispatch('index')
#12 C:\xampp\htdocs\galayomarket\app\code\core\Mage\Core\Controller\Varien\Front.php(172): Mage_Core_Controller_Varien_Router_Standard->match(Object(Mage_Core_Controller_Request_Http))
#13 C:\xampp\htdocs\galayomarket\app\code\core\Mage\Core\Model\App.php(354): Mage_Core_Controller_Varien_Front->dispatch()
#14 C:\xampp\htdocs\galayomarket\app\Mage.php(684): Mage_Core_Model_App->run(Array)
#15 C:\xampp\htdocs\galayomarket\index.php(87): Mage::run('', 'store')
#16 {main}
2015-10-06T15:22:35+00:00 ERR (3): 
exception 'Mage_Core_Exception' with message 'Invalid block type: Mage_Megamenupro_Block_Megamenupro' in C:\xampp\htdocs\galayomarket\app\Mage.php:595
Stack trace:
#0 C:\xampp\htdocs\galayomarket\app\code\core\Mage\Core\Model\Layout.php(495): Mage::throwException('Invalid block t...')
#1 C:\xampp\htdocs\galayomarket\app\code\core\Mage\Core\Model\Layout.php(437): Mage_Core_Model_Layout->_getBlockInstance('megamenupro/meg...', Array)
#2 C:\xampp\htdocs\galayomarket\app\code\core\Mage\Core\Model\Layout.php(472): Mage_Core_Model_Layout->createBlock('megamenupro/meg...', 'f85079af84623e2...')
#3 C:\xampp\htdocs\galayomarket\app\code\core\Mage\Core\Model\Layout.php(239): Mage_Core_Model_Layout->addBlock('megamenupro/meg...', 'f85079af84623e2...')
#4 C:\xampp\htdocs\galayomarket\app\code\core\Mage\Core\Model\Layout.php(205): Mage_Core_Model_Layout->_generateBlock(Object(Mage_Core_Model_Layout_Element), Object(Mage_Core_Model_Layout_Element))
#5 C:\xampp\htdocs\galayomarket\app\code\core\Mage\Core\Model\Layout.php(210): Mage_Core_Model_Layout->generateBlocks(Object(Mage_Core_Model_Layout_Element))
#6 C:\xampp\htdocs\galayomarket\app\code\core\Mage\Core\Controller\Varien\Action.php(344): Mage_Core_Model_Layout->generateBlocks()
#7 C:\xampp\htdocs\galayomarket\app\code\core\Mage\Cms\Helper\Page.php(113): Mage_Core_Controller_Varien_Action->generateLayoutBlocks()
#8 C:\xampp\htdocs\galayomarket\app\code\core\Mage\Cms\Helper\Page.php(52): Mage_Cms_Helper_Page->_renderPage(Object(Mage_Cms_IndexController), 'galayomarket_ho...')
#9 C:\xampp\htdocs\galayomarket\app\code\core\Mage\Cms\controllers\IndexController.php(45): Mage_Cms_Helper_Page->renderPage(Object(Mage_Cms_IndexController), 'galayomarket_ho...')
#10 C:\xampp\htdocs\galayomarket\app\code\core\Mage\Core\Controller\Varien\Action.php(418): Mage_Cms_IndexController->indexAction()
#11 C:\xampp\htdocs\galayomarket\app\code\core\Mage\Core\Controller\Varien\Router\Standard.php(250): Mage_Core_Controller_Varien_Action->dispatch('index')
#12 C:\xampp\htdocs\galayomarket\app\code\core\Mage\Core\Controller\Varien\Front.php(172): Mage_Core_Controller_Varien_Router_Standard->match(Object(Mage_Core_Controller_Request_Http))
#13 C:\xampp\htdocs\galayomarket\app\code\core\Mage\Core\Model\App.php(354): Mage_Core_Controller_Varien_Front->dispatch()
#14 C:\xampp\htdocs\galayomarket\app\Mage.php(684): Mage_Core_Model_App->run(Array)
#15 C:\xampp\htdocs\galayomarket\index.php(87): Mage::run('', 'store')
#16 {main}
2015-10-06T15:22:43+00:00 ERR (3): 
exception 'Mage_Core_Exception' with message 'Invalid block type: Mage_Megamenupro_Block_Megamenupro' in C:\xampp\htdocs\galayomarket\app\Mage.php:595
Stack trace:
#0 C:\xampp\htdocs\galayomarket\app\code\core\Mage\Core\Model\Layout.php(495): Mage::throwException('Invalid block t...')
#1 C:\xampp\htdocs\galayomarket\app\code\core\Mage\Core\Model\Layout.php(437): Mage_Core_Model_Layout->_getBlockInstance('megamenupro/meg...', Array)
#2 C:\xampp\htdocs\galayomarket\app\code\core\Mage\Core\Model\Layout.php(472): Mage_Core_Model_Layout->createBlock('megamenupro/meg...', 'f85079af84623e2...')
#3 C:\xampp\htdocs\galayomarket\app\code\core\Mage\Core\Model\Layout.php(239): Mage_Core_Model_Layout->addBlock('megamenupro/meg...', 'f85079af84623e2...')
#4 C:\xampp\htdocs\galayomarket\app\code\core\Mage\Core\Model\Layout.php(205): Mage_Core_Model_Layout->_generateBlock(Object(Mage_Core_Model_Layout_Element), Object(Mage_Core_Model_Layout_Element))
#5 C:\xampp\htdocs\galayomarket\app\code\core\Mage\Core\Model\Layout.php(210): Mage_Core_Model_Layout->generateBlocks(Object(Mage_Core_Model_Layout_Element))
#6 C:\xampp\htdocs\galayomarket\app\code\core\Mage\Core\Controller\Varien\Action.php(344): Mage_Core_Model_Layout->generateBlocks()
#7 C:\xampp\htdocs\galayomarket\app\code\core\Mage\Cms\Helper\Page.php(113): Mage_Core_Controller_Varien_Action->generateLayoutBlocks()
#8 C:\xampp\htdocs\galayomarket\app\code\core\Mage\Cms\Helper\Page.php(52): Mage_Cms_Helper_Page->_renderPage(Object(Mage_Cms_IndexController), 'galayomarket_ho...')
#9 C:\xampp\htdocs\galayomarket\app\code\core\Mage\Cms\controllers\IndexController.php(45): Mage_Cms_Helper_Page->renderPage(Object(Mage_Cms_IndexController), 'galayomarket_ho...')
#10 C:\xampp\htdocs\galayomarket\app\code\core\Mage\Core\Controller\Varien\Action.php(418): Mage_Cms_IndexController->indexAction()
#11 C:\xampp\htdocs\galayomarket\app\code\core\Mage\Core\Controller\Varien\Router\Standard.php(250): Mage_Core_Controller_Varien_Action->dispatch('index')
#12 C:\xampp\htdocs\galayomarket\app\code\core\Mage\Core\Controller\Varien\Front.php(172): Mage_Core_Controller_Varien_Router_Standard->match(Object(Mage_Core_Controller_Request_Http))
#13 C:\xampp\htdocs\galayomarket\app\code\core\Mage\Core\Model\App.php(354): Mage_Core_Controller_Varien_Front->dispatch()
#14 C:\xampp\htdocs\galayomarket\app\Mage.php(684): Mage_Core_Model_App->run(Array)
#15 C:\xampp\htdocs\galayomarket\index.php(87): Mage::run('', 'store')
#16 {main}
2015-10-06T15:27:23+00:00 ERR (3): 
exception 'Mage_Core_Exception' with message 'Invalid block type: Mage_Megamenupro_Block_Megamenupro' in C:\xampp\htdocs\itblue\app\Mage.php:595
Stack trace:
#0 C:\xampp\htdocs\itblue\app\code\core\Mage\Core\Model\Layout.php(495): Mage::throwException('Invalid block t...')
#1 C:\xampp\htdocs\itblue\app\code\core\Mage\Core\Model\Layout.php(437): Mage_Core_Model_Layout->_getBlockInstance('megamenupro/meg...', Array)
#2 C:\xampp\htdocs\itblue\app\code\core\Mage\Core\Model\Layout.php(472): Mage_Core_Model_Layout->createBlock('megamenupro/meg...', 'f85079af84623e2...')
#3 C:\xampp\htdocs\itblue\app\code\core\Mage\Core\Model\Layout.php(239): Mage_Core_Model_Layout->addBlock('megamenupro/meg...', 'f85079af84623e2...')
#4 C:\xampp\htdocs\itblue\app\code\core\Mage\Core\Model\Layout.php(205): Mage_Core_Model_Layout->_generateBlock(Object(Mage_Core_Model_Layout_Element), Object(Mage_Core_Model_Layout_Element))
#5 C:\xampp\htdocs\itblue\app\code\core\Mage\Core\Model\Layout.php(210): Mage_Core_Model_Layout->generateBlocks(Object(Mage_Core_Model_Layout_Element))
#6 C:\xampp\htdocs\itblue\app\code\core\Mage\Core\Controller\Varien\Action.php(344): Mage_Core_Model_Layout->generateBlocks()
#7 C:\xampp\htdocs\itblue\app\code\core\Mage\Cms\Helper\Page.php(113): Mage_Core_Controller_Varien_Action->generateLayoutBlocks()
#8 C:\xampp\htdocs\itblue\app\code\core\Mage\Cms\Helper\Page.php(52): Mage_Cms_Helper_Page->_renderPage(Object(Mage_Cms_IndexController), 'galayomarket_ho...')
#9 C:\xampp\htdocs\itblue\app\code\core\Mage\Cms\controllers\IndexController.php(45): Mage_Cms_Helper_Page->renderPage(Object(Mage_Cms_IndexController), 'galayomarket_ho...')
#10 C:\xampp\htdocs\itblue\app\code\core\Mage\Core\Controller\Varien\Action.php(418): Mage_Cms_IndexController->indexAction()
#11 C:\xampp\htdocs\itblue\app\code\core\Mage\Core\Controller\Varien\Router\Standard.php(250): Mage_Core_Controller_Varien_Action->dispatch('index')
#12 C:\xampp\htdocs\itblue\app\code\core\Mage\Core\Controller\Varien\Front.php(172): Mage_Core_Controller_Varien_Router_Standard->match(Object(Mage_Core_Controller_Request_Http))
#13 C:\xampp\htdocs\itblue\app\code\core\Mage\Core\Model\App.php(354): Mage_Core_Controller_Varien_Front->dispatch()
#14 C:\xampp\htdocs\itblue\app\Mage.php(684): Mage_Core_Model_App->run(Array)
#15 C:\xampp\htdocs\itblue\index.php(87): Mage::run('', 'store')
#16 {main}
2015-10-06T15:27:37+00:00 ERR (3): 
exception 'Mage_Core_Exception' with message 'Invalid block type: Mage_Megamenupro_Block_Megamenupro' in C:\xampp\htdocs\itblue\app\Mage.php:595
Stack trace:
#0 C:\xampp\htdocs\itblue\app\code\core\Mage\Core\Model\Layout.php(495): Mage::throwException('Invalid block t...')
#1 C:\xampp\htdocs\itblue\app\code\core\Mage\Core\Model\Layout.php(437): Mage_Core_Model_Layout->_getBlockInstance('megamenupro/meg...', Array)
#2 C:\xampp\htdocs\itblue\app\code\core\Mage\Core\Model\Layout.php(472): Mage_Core_Model_Layout->createBlock('megamenupro/meg...', 'f85079af84623e2...')
#3 C:\xampp\htdocs\itblue\app\code\core\Mage\Core\Model\Layout.php(239): Mage_Core_Model_Layout->addBlock('megamenupro/meg...', 'f85079af84623e2...')
#4 C:\xampp\htdocs\itblue\app\code\core\Mage\Core\Model\Layout.php(205): Mage_Core_Model_Layout->_generateBlock(Object(Mage_Core_Model_Layout_Element), Object(Mage_Core_Model_Layout_Element))
#5 C:\xampp\htdocs\itblue\app\code\core\Mage\Core\Model\Layout.php(210): Mage_Core_Model_Layout->generateBlocks(Object(Mage_Core_Model_Layout_Element))
#6 C:\xampp\htdocs\itblue\app\code\core\Mage\Core\Controller\Varien\Action.php(344): Mage_Core_Model_Layout->generateBlocks()
#7 C:\xampp\htdocs\itblue\app\code\core\Mage\Catalog\Helper\Product\View.php(73): Mage_Core_Controller_Varien_Action->generateLayoutBlocks()
#8 C:\xampp\htdocs\itblue\app\code\core\Mage\Catalog\Helper\Product\View.php(144): Mage_Catalog_Helper_Product_View->initProductLayout(Object(Mage_Catalog_Model_Product), Object(Mage_Catalog_ProductController))
#9 C:\xampp\htdocs\itblue\app\code\core\Mage\Catalog\controllers\ProductController.php(132): Mage_Catalog_Helper_Product_View->prepareAndRender(182, Object(Mage_Catalog_ProductController), Object(Varien_Object))
#10 C:\xampp\htdocs\itblue\app\code\core\Mage\Core\Controller\Varien\Action.php(418): Mage_Catalog_ProductController->viewAction()
#11 C:\xampp\htdocs\itblue\app\code\core\Mage\Core\Controller\Varien\Router\Standard.php(250): Mage_Core_Controller_Varien_Action->dispatch('view')
#12 C:\xampp\htdocs\itblue\app\code\core\Mage\Core\Controller\Varien\Front.php(172): Mage_Core_Controller_Varien_Router_Standard->match(Object(Mage_Core_Controller_Request_Http))
#13 C:\xampp\htdocs\itblue\app\code\core\Mage\Core\Model\App.php(354): Mage_Core_Controller_Varien_Front->dispatch()
#14 C:\xampp\htdocs\itblue\app\Mage.php(684): Mage_Core_Model_App->run(Array)
#15 C:\xampp\htdocs\itblue\index.php(87): Mage::run('', 'store')
#16 {main}
2015-10-06T15:28:09+00:00 ERR (3): 
exception 'Mage_Core_Exception' with message 'Invalid block type: Mage_Megamenupro_Block_Megamenupro' in C:\xampp\htdocs\itblue\app\Mage.php:595
Stack trace:
#0 C:\xampp\htdocs\itblue\app\code\core\Mage\Core\Model\Layout.php(495): Mage::throwException('Invalid block t...')
#1 C:\xampp\htdocs\itblue\app\code\core\Mage\Core\Model\Layout.php(437): Mage_Core_Model_Layout->_getBlockInstance('megamenupro/meg...', Array)
#2 C:\xampp\htdocs\itblue\app\code\core\Mage\Core\Model\Layout.php(472): Mage_Core_Model_Layout->createBlock('megamenupro/meg...', 'f85079af84623e2...')
#3 C:\xampp\htdocs\itblue\app\code\core\Mage\Core\Model\Layout.php(239): Mage_Core_Model_Layout->addBlock('megamenupro/meg...', 'f85079af84623e2...')
#4 C:\xampp\htdocs\itblue\app\code\core\Mage\Core\Model\Layout.php(205): Mage_Core_Model_Layout->_generateBlock(Object(Mage_Core_Model_Layout_Element), Object(Mage_Core_Model_Layout_Element))
#5 C:\xampp\htdocs\itblue\app\code\core\Mage\Core\Model\Layout.php(210): Mage_Core_Model_Layout->generateBlocks(Object(Mage_Core_Model_Layout_Element))
#6 C:\xampp\htdocs\itblue\app\code\core\Mage\Core\Controller\Varien\Action.php(344): Mage_Core_Model_Layout->generateBlocks()
#7 C:\xampp\htdocs\itblue\app\code\core\Mage\Catalog\Helper\Product\View.php(73): Mage_Core_Controller_Varien_Action->generateLayoutBlocks()
#8 C:\xampp\htdocs\itblue\app\code\core\Mage\Catalog\Helper\Product\View.php(144): Mage_Catalog_Helper_Product_View->initProductLayout(Object(Mage_Catalog_Model_Product), Object(Mage_Catalog_ProductController))
#9 C:\xampp\htdocs\itblue\app\code\core\Mage\Catalog\controllers\ProductController.php(132): Mage_Catalog_Helper_Product_View->prepareAndRender(182, Object(Mage_Catalog_ProductController), Object(Varien_Object))
#10 C:\xampp\htdocs\itblue\app\code\core\Mage\Core\Controller\Varien\Action.php(418): Mage_Catalog_ProductController->viewAction()
#11 C:\xampp\htdocs\itblue\app\code\core\Mage\Core\Controller\Varien\Router\Standard.php(250): Mage_Core_Controller_Varien_Action->dispatch('view')
#12 C:\xampp\htdocs\itblue\app\code\core\Mage\Core\Controller\Varien\Front.php(172): Mage_Core_Controller_Varien_Router_Standard->match(Object(Mage_Core_Controller_Request_Http))
#13 C:\xampp\htdocs\itblue\app\code\core\Mage\Core\Model\App.php(354): Mage_Core_Controller_Varien_Front->dispatch()
#14 C:\xampp\htdocs\itblue\app\Mage.php(684): Mage_Core_Model_App->run(Array)
#15 C:\xampp\htdocs\itblue\index.php(87): Mage::run('', 'store')
#16 {main}
2015-10-06T15:28:22+00:00 ERR (3): 
exception 'Mage_Core_Exception' with message 'Invalid block type: Mage_Megamenupro_Block_Megamenupro' in C:\xampp\htdocs\itblue\app\Mage.php:595
Stack trace:
#0 C:\xampp\htdocs\itblue\app\code\core\Mage\Core\Model\Layout.php(495): Mage::throwException('Invalid block t...')
#1 C:\xampp\htdocs\itblue\app\code\core\Mage\Core\Model\Layout.php(437): Mage_Core_Model_Layout->_getBlockInstance('megamenupro/meg...', Array)
#2 C:\xampp\htdocs\itblue\app\code\core\Mage\Core\Model\Layout.php(472): Mage_Core_Model_Layout->createBlock('megamenupro/meg...', 'f85079af84623e2...')
#3 C:\xampp\htdocs\itblue\app\code\core\Mage\Core\Model\Layout.php(239): Mage_Core_Model_Layout->addBlock('megamenupro/meg...', 'f85079af84623e2...')
#4 C:\xampp\htdocs\itblue\app\code\core\Mage\Core\Model\Layout.php(205): Mage_Core_Model_Layout->_generateBlock(Object(Mage_Core_Model_Layout_Element), Object(Mage_Core_Model_Layout_Element))
#5 C:\xampp\htdocs\itblue\app\code\core\Mage\Core\Model\Layout.php(210): Mage_Core_Model_Layout->generateBlocks(Object(Mage_Core_Model_Layout_Element))
#6 C:\xampp\htdocs\itblue\app\code\core\Mage\Core\Controller\Varien\Action.php(344): Mage_Core_Model_Layout->generateBlocks()
#7 C:\xampp\htdocs\itblue\app\code\core\Mage\Core\Controller\Varien\Action.php(269): Mage_Core_Controller_Varien_Action->generateLayoutBlocks()
#8 C:\xampp\htdocs\itblue\app\code\core\Mage\Tag\controllers\ListController.php(39): Mage_Core_Controller_Varien_Action->loadLayout()
#9 C:\xampp\htdocs\itblue\app\code\core\Mage\Core\Controller\Varien\Action.php(418): Mage_Tag_ListController->indexAction()
#10 C:\xampp\htdocs\itblue\app\code\core\Mage\Core\Controller\Varien\Router\Standard.php(250): Mage_Core_Controller_Varien_Action->dispatch('index')
#11 C:\xampp\htdocs\itblue\app\code\core\Mage\Core\Controller\Varien\Front.php(172): Mage_Core_Controller_Varien_Router_Standard->match(Object(Mage_Core_Controller_Request_Http))
#12 C:\xampp\htdocs\itblue\app\code\core\Mage\Core\Model\App.php(354): Mage_Core_Controller_Varien_Front->dispatch()
#13 C:\xampp\htdocs\itblue\app\Mage.php(684): Mage_Core_Model_App->run(Array)
#14 C:\xampp\htdocs\itblue\index.php(87): Mage::run('', 'store')
#15 {main}
2015-10-06T15:28:35+00:00 ERR (3): 
exception 'Mage_Core_Exception' with message 'Invalid block type: Mage_Megamenupro_Block_Megamenupro' in C:\xampp\htdocs\itblue\app\Mage.php:595
Stack trace:
#0 C:\xampp\htdocs\itblue\app\code\core\Mage\Core\Model\Layout.php(495): Mage::throwException('Invalid block t...')
#1 C:\xampp\htdocs\itblue\app\code\core\Mage\Core\Model\Layout.php(437): Mage_Core_Model_Layout->_getBlockInstance('megamenupro/meg...', Array)
#2 C:\xampp\htdocs\itblue\app\code\core\Mage\Core\Model\Layout.php(472): Mage_Core_Model_Layout->createBlock('megamenupro/meg...', 'f85079af84623e2...')
#3 C:\xampp\htdocs\itblue\app\code\core\Mage\Core\Model\Layout.php(239): Mage_Core_Model_Layout->addBlock('megamenupro/meg...', 'f85079af84623e2...')
#4 C:\xampp\htdocs\itblue\app\code\core\Mage\Core\Model\Layout.php(205): Mage_Core_Model_Layout->_generateBlock(Object(Mage_Core_Model_Layout_Element), Object(Mage_Core_Model_Layout_Element))
#5 C:\xampp\htdocs\itblue\app\code\core\Mage\Core\Model\Layout.php(210): Mage_Core_Model_Layout->generateBlocks(Object(Mage_Core_Model_Layout_Element))
#6 C:\xampp\htdocs\itblue\app\code\core\Mage\Core\Controller\Varien\Action.php(344): Mage_Core_Model_Layout->generateBlocks()
#7 C:\xampp\htdocs\itblue\app\code\core\Mage\Catalog\controllers\CategoryController.php(148): Mage_Core_Controller_Varien_Action->generateLayoutBlocks()
#8 C:\xampp\htdocs\itblue\app\code\core\Mage\Core\Controller\Varien\Action.php(418): Mage_Catalog_CategoryController->viewAction()
#9 C:\xampp\htdocs\itblue\app\code\core\Mage\Core\Controller\Varien\Router\Standard.php(250): Mage_Core_Controller_Varien_Action->dispatch('view')
#10 C:\xampp\htdocs\itblue\app\code\core\Mage\Core\Controller\Varien\Front.php(172): Mage_Core_Controller_Varien_Router_Standard->match(Object(Mage_Core_Controller_Request_Http))
#11 C:\xampp\htdocs\itblue\app\code\core\Mage\Core\Model\App.php(354): Mage_Core_Controller_Varien_Front->dispatch()
#12 C:\xampp\htdocs\itblue\app\Mage.php(684): Mage_Core_Model_App->run(Array)
#13 C:\xampp\htdocs\itblue\index.php(87): Mage::run('', 'store')
#14 {main}
2015-10-06T15:28:40+00:00 ERR (3): 
exception 'Mage_Core_Exception' with message 'Invalid block type: Mage_Megamenupro_Block_Megamenupro' in C:\xampp\htdocs\itblue\app\Mage.php:595
Stack trace:
#0 C:\xampp\htdocs\itblue\app\code\core\Mage\Core\Model\Layout.php(495): Mage::throwException('Invalid block t...')
#1 C:\xampp\htdocs\itblue\app\code\core\Mage\Core\Model\Layout.php(437): Mage_Core_Model_Layout->_getBlockInstance('megamenupro/meg...', Array)
#2 C:\xampp\htdocs\itblue\app\code\core\Mage\Core\Model\Layout.php(472): Mage_Core_Model_Layout->createBlock('megamenupro/meg...', 'f85079af84623e2...')
#3 C:\xampp\htdocs\itblue\app\code\core\Mage\Core\Model\Layout.php(239): Mage_Core_Model_Layout->addBlock('megamenupro/meg...', 'f85079af84623e2...')
#4 C:\xampp\htdocs\itblue\app\code\core\Mage\Core\Model\Layout.php(205): Mage_Core_Model_Layout->_generateBlock(Object(Mage_Core_Model_Layout_Element), Object(Mage_Core_Model_Layout_Element))
#5 C:\xampp\htdocs\itblue\app\code\core\Mage\Core\Model\Layout.php(210): Mage_Core_Model_Layout->generateBlocks(Object(Mage_Core_Model_Layout_Element))
#6 C:\xampp\htdocs\itblue\app\code\core\Mage\Core\Controller\Varien\Action.php(344): Mage_Core_Model_Layout->generateBlocks()
#7 C:\xampp\htdocs\itblue\app\code\core\Mage\Catalog\controllers\CategoryController.php(148): Mage_Core_Controller_Varien_Action->generateLayoutBlocks()
#8 C:\xampp\htdocs\itblue\app\code\core\Mage\Core\Controller\Varien\Action.php(418): Mage_Catalog_CategoryController->viewAction()
#9 C:\xampp\htdocs\itblue\app\code\core\Mage\Core\Controller\Varien\Router\Standard.php(250): Mage_Core_Controller_Varien_Action->dispatch('view')
#10 C:\xampp\htdocs\itblue\app\code\core\Mage\Core\Controller\Varien\Front.php(172): Mage_Core_Controller_Varien_Router_Standard->match(Object(Mage_Core_Controller_Request_Http))
#11 C:\xampp\htdocs\itblue\app\code\core\Mage\Core\Model\App.php(354): Mage_Core_Controller_Varien_Front->dispatch()
#12 C:\xampp\htdocs\itblue\app\Mage.php(684): Mage_Core_Model_App->run(Array)
#13 C:\xampp\htdocs\itblue\index.php(87): Mage::run('', 'store')
#14 {main}
2015-10-06T15:28:44+00:00 ERR (3): 
exception 'Mage_Core_Exception' with message 'Invalid block type: Mage_Megamenupro_Block_Megamenupro' in C:\xampp\htdocs\itblue\app\Mage.php:595
Stack trace:
#0 C:\xampp\htdocs\itblue\app\code\core\Mage\Core\Model\Layout.php(495): Mage::throwException('Invalid block t...')
#1 C:\xampp\htdocs\itblue\app\code\core\Mage\Core\Model\Layout.php(437): Mage_Core_Model_Layout->_getBlockInstance('megamenupro/meg...', Array)
#2 C:\xampp\htdocs\itblue\app\code\core\Mage\Core\Model\Layout.php(472): Mage_Core_Model_Layout->createBlock('megamenupro/meg...', 'f85079af84623e2...')
#3 C:\xampp\htdocs\itblue\app\code\core\Mage\Core\Model\Layout.php(239): Mage_Core_Model_Layout->addBlock('megamenupro/meg...', 'f85079af84623e2...')
#4 C:\xampp\htdocs\itblue\app\code\core\Mage\Core\Model\Layout.php(205): Mage_Core_Model_Layout->_generateBlock(Object(Mage_Core_Model_Layout_Element), Object(Mage_Core_Model_Layout_Element))
#5 C:\xampp\htdocs\itblue\app\code\core\Mage\Core\Model\Layout.php(210): Mage_Core_Model_Layout->generateBlocks(Object(Mage_Core_Model_Layout_Element))
#6 C:\xampp\htdocs\itblue\app\code\core\Mage\Core\Controller\Varien\Action.php(344): Mage_Core_Model_Layout->generateBlocks()
#7 C:\xampp\htdocs\itblue\app\code\core\Mage\Catalog\controllers\CategoryController.php(148): Mage_Core_Controller_Varien_Action->generateLayoutBlocks()
#8 C:\xampp\htdocs\itblue\app\code\core\Mage\Core\Controller\Varien\Action.php(418): Mage_Catalog_CategoryController->viewAction()
#9 C:\xampp\htdocs\itblue\app\code\core\Mage\Core\Controller\Varien\Router\Standard.php(250): Mage_Core_Controller_Varien_Action->dispatch('view')
#10 C:\xampp\htdocs\itblue\app\code\core\Mage\Core\Controller\Varien\Front.php(172): Mage_Core_Controller_Varien_Router_Standard->match(Object(Mage_Core_Controller_Request_Http))
#11 C:\xampp\htdocs\itblue\app\code\core\Mage\Core\Model\App.php(354): Mage_Core_Controller_Varien_Front->dispatch()
#12 C:\xampp\htdocs\itblue\app\Mage.php(684): Mage_Core_Model_App->run(Array)
#13 C:\xampp\htdocs\itblue\index.php(87): Mage::run('', 'store')
#14 {main}
2015-10-06T15:28:52+00:00 ERR (3): 
exception 'Mage_Core_Exception' with message 'Invalid block type: Mage_Megamenupro_Block_Megamenupro' in C:\xampp\htdocs\itblue\app\Mage.php:595
Stack trace:
#0 C:\xampp\htdocs\itblue\app\code\core\Mage\Core\Model\Layout.php(495): Mage::throwException('Invalid block t...')
#1 C:\xampp\htdocs\itblue\app\code\core\Mage\Core\Model\Layout.php(437): Mage_Core_Model_Layout->_getBlockInstance('megamenupro/meg...', Array)
#2 C:\xampp\htdocs\itblue\app\code\core\Mage\Core\Model\Layout.php(472): Mage_Core_Model_Layout->createBlock('megamenupro/meg...', 'f85079af84623e2...')
#3 C:\xampp\htdocs\itblue\app\code\core\Mage\Core\Model\Layout.php(239): Mage_Core_Model_Layout->addBlock('megamenupro/meg...', 'f85079af84623e2...')
#4 C:\xampp\htdocs\itblue\app\code\core\Mage\Core\Model\Layout.php(205): Mage_Core_Model_Layout->_generateBlock(Object(Mage_Core_Model_Layout_Element), Object(Mage_Core_Model_Layout_Element))
#5 C:\xampp\htdocs\itblue\app\code\core\Mage\Core\Model\Layout.php(210): Mage_Core_Model_Layout->generateBlocks(Object(Mage_Core_Model_Layout_Element))
#6 C:\xampp\htdocs\itblue\app\code\core\Mage\Core\Controller\Varien\Action.php(344): Mage_Core_Model_Layout->generateBlocks()
#7 C:\xampp\htdocs\itblue\app\code\core\Mage\Cms\Helper\Page.php(113): Mage_Core_Controller_Varien_Action->generateLayoutBlocks()
#8 C:\xampp\htdocs\itblue\app\code\core\Mage\Cms\Helper\Page.php(52): Mage_Cms_Helper_Page->_renderPage(Object(Mage_Cms_IndexController), 'galayomarket_ho...')
#9 C:\xampp\htdocs\itblue\app\code\core\Mage\Cms\controllers\IndexController.php(45): Mage_Cms_Helper_Page->renderPage(Object(Mage_Cms_IndexController), 'galayomarket_ho...')
#10 C:\xampp\htdocs\itblue\app\code\core\Mage\Core\Controller\Varien\Action.php(418): Mage_Cms_IndexController->indexAction()
#11 C:\xampp\htdocs\itblue\app\code\core\Mage\Core\Controller\Varien\Router\Standard.php(250): Mage_Core_Controller_Varien_Action->dispatch('index')
#12 C:\xampp\htdocs\itblue\app\code\core\Mage\Core\Controller\Varien\Front.php(172): Mage_Core_Controller_Varien_Router_Standard->match(Object(Mage_Core_Controller_Request_Http))
#13 C:\xampp\htdocs\itblue\app\code\core\Mage\Core\Model\App.php(354): Mage_Core_Controller_Varien_Front->dispatch()
#14 C:\xampp\htdocs\itblue\app\Mage.php(684): Mage_Core_Model_App->run(Array)
#15 C:\xampp\htdocs\itblue\index.php(87): Mage::run('', 'store')
#16 {main}
